                         Chronologic VCS (TM)
       Version O-2018.09-SP2_Full64 -- Tue May 21 11:42:23 2024
               Copyright (c) 1991-2018 by Synopsys Inc.
                         ALL RIGHTS RESERVED

This program is proprietary and confidential information of Synopsys Inc.
and may be used and disclosed only as authorized in a license agreement
controlling such use and disclosure.

Parsing design file '/home/synopsys/vcs-mx/O-2018.09-SP2/etc/uvm-1.2/uvm_pkg.sv'
Parsing included file '/home/synopsys/vcs-mx/O-2018.09-SP2/etc/uvm-1.2/uvm_macros.svh'.
Parsing included file '/home/synopsys/vcs-mx/O-2018.09-SP2/etc/uvm-1.2/macros/uvm_version_defines.svh'.
Back to file '/home/synopsys/vcs-mx/O-2018.09-SP2/etc/uvm-1.2/uvm_macros.svh'.
Parsing included file '/home/synopsys/vcs-mx/O-2018.09-SP2/etc/uvm-1.2/macros/uvm_global_defines.svh'.
Back to file '/home/synopsys/vcs-mx/O-2018.09-SP2/etc/uvm-1.2/uvm_macros.svh'.
Parsing included file '/home/synopsys/vcs-mx/O-2018.09-SP2/etc/uvm-1.2/macros/uvm_message_defines.svh'.
Back to file '/home/synopsys/vcs-mx/O-2018.09-SP2/etc/uvm-1.2/uvm_macros.svh'.
Parsing included file '/home/synopsys/vcs-mx/O-2018.09-SP2/etc/uvm-1.2/macros/uvm_phase_defines.svh'.
Back to file '/home/synopsys/vcs-mx/O-2018.09-SP2/etc/uvm-1.2/uvm_macros.svh'.
Parsing included file '/home/synopsys/vcs-mx/O-2018.09-SP2/etc/uvm-1.2/macros/uvm_object_defines.svh'.
Back to file '/home/synopsys/vcs-mx/O-2018.09-SP2/etc/uvm-1.2/uvm_macros.svh'.
Parsing included file '/home/synopsys/vcs-mx/O-2018.09-SP2/etc/uvm-1.2/macros/uvm_printer_defines.svh'.
Back to file '/home/synopsys/vcs-mx/O-2018.09-SP2/etc/uvm-1.2/uvm_macros.svh'.
Parsing included file '/home/synopsys/vcs-mx/O-2018.09-SP2/etc/uvm-1.2/macros/uvm_tlm_defines.svh'.
Parsing included file '/home/synopsys/vcs-mx/O-2018.09-SP2/etc/uvm-1.2/tlm1/uvm_tlm_imps.svh'.
Back to file '/home/synopsys/vcs-mx/O-2018.09-SP2/etc/uvm-1.2/macros/uvm_tlm_defines.svh'.
Back to file '/home/synopsys/vcs-mx/O-2018.09-SP2/etc/uvm-1.2/uvm_macros.svh'.
Parsing included file '/home/synopsys/vcs-mx/O-2018.09-SP2/etc/uvm-1.2/macros/uvm_sequence_defines.svh'.
Back to file '/home/synopsys/vcs-mx/O-2018.09-SP2/etc/uvm-1.2/uvm_macros.svh'.
Parsing included file '/home/synopsys/vcs-mx/O-2018.09-SP2/etc/uvm-1.2/macros/uvm_callback_defines.svh'.
Back to file '/home/synopsys/vcs-mx/O-2018.09-SP2/etc/uvm-1.2/uvm_macros.svh'.
Parsing included file '/home/synopsys/vcs-mx/O-2018.09-SP2/etc/uvm-1.2/macros/uvm_reg_defines.svh'.
Back to file '/home/synopsys/vcs-mx/O-2018.09-SP2/etc/uvm-1.2/uvm_macros.svh'.
Parsing included file '/home/synopsys/vcs-mx/O-2018.09-SP2/etc/uvm-1.2/macros/uvm_deprecated_defines.svh'.
Back to file '/home/synopsys/vcs-mx/O-2018.09-SP2/etc/uvm-1.2/uvm_macros.svh'.
Back to file '/home/synopsys/vcs-mx/O-2018.09-SP2/etc/uvm-1.2/uvm_pkg.sv'.
Parsing included file '/home/synopsys/vcs-mx/O-2018.09-SP2/etc/uvm-1.2/dpi/uvm_dpi.svh'.
Parsing included file '/home/synopsys/vcs-mx/O-2018.09-SP2/etc/uvm-1.2/dpi/uvm_hdl.svh'.
Back to file '/home/synopsys/vcs-mx/O-2018.09-SP2/etc/uvm-1.2/dpi/uvm_dpi.svh'.
Parsing included file '/home/synopsys/vcs-mx/O-2018.09-SP2/etc/uvm-1.2/dpi/uvm_svcmd_dpi.svh'.
Back to file '/home/synopsys/vcs-mx/O-2018.09-SP2/etc/uvm-1.2/dpi/uvm_dpi.svh'.
Parsing included file '/home/synopsys/vcs-mx/O-2018.09-SP2/etc/uvm-1.2/dpi/uvm_regex.svh'.
Back to file '/home/synopsys/vcs-mx/O-2018.09-SP2/etc/uvm-1.2/dpi/uvm_dpi.svh'.
Back to file '/home/synopsys/vcs-mx/O-2018.09-SP2/etc/uvm-1.2/uvm_pkg.sv'.
Parsing included file '/home/synopsys/vcs-mx/O-2018.09-SP2/etc/uvm-1.2/base/uvm_base.svh'.
Parsing included file '/home/synopsys/vcs-mx/O-2018.09-SP2/etc/uvm-1.2/base/uvm_coreservice.svh'.
Back to file '/home/synopsys/vcs-mx/O-2018.09-SP2/etc/uvm-1.2/base/uvm_base.svh'.
Parsing included file '/home/synopsys/vcs-mx/O-2018.09-SP2/etc/uvm-1.2/base/uvm_version.svh'.
Back to file '/home/synopsys/vcs-mx/O-2018.09-SP2/etc/uvm-1.2/base/uvm_base.svh'.
Parsing included file '/home/synopsys/vcs-mx/O-2018.09-SP2/etc/uvm-1.2/base/uvm_object_globals.svh'.
Back to file '/home/synopsys/vcs-mx/O-2018.09-SP2/etc/uvm-1.2/base/uvm_base.svh'.
Parsing included file '/home/synopsys/vcs-mx/O-2018.09-SP2/etc/uvm-1.2/base/uvm_misc.svh'.
Back to file '/home/synopsys/vcs-mx/O-2018.09-SP2/etc/uvm-1.2/base/uvm_base.svh'.
Parsing included file '/home/synopsys/vcs-mx/O-2018.09-SP2/etc/uvm-1.2/base/uvm_object.svh'.
Back to file '/home/synopsys/vcs-mx/O-2018.09-SP2/etc/uvm-1.2/base/uvm_base.svh'.
Parsing included file '/home/synopsys/vcs-mx/O-2018.09-SP2/etc/uvm-1.2/base/uvm_pool.svh'.
Back to file '/home/synopsys/vcs-mx/O-2018.09-SP2/etc/uvm-1.2/base/uvm_base.svh'.
Parsing included file '/home/synopsys/vcs-mx/O-2018.09-SP2/etc/uvm-1.2/base/uvm_queue.svh'.
Back to file '/home/synopsys/vcs-mx/O-2018.09-SP2/etc/uvm-1.2/base/uvm_base.svh'.
Parsing included file '/home/synopsys/vcs-mx/O-2018.09-SP2/etc/uvm-1.2/base/uvm_factory.svh'.
Back to file '/home/synopsys/vcs-mx/O-2018.09-SP2/etc/uvm-1.2/base/uvm_base.svh'.
Parsing included file '/home/synopsys/vcs-mx/O-2018.09-SP2/etc/uvm-1.2/base/uvm_registry.svh'.
Back to file '/home/synopsys/vcs-mx/O-2018.09-SP2/etc/uvm-1.2/base/uvm_base.svh'.
Parsing included file '/home/synopsys/vcs-mx/O-2018.09-SP2/etc/uvm-1.2/base/uvm_spell_chkr.svh'.
Back to file '/home/synopsys/vcs-mx/O-2018.09-SP2/etc/uvm-1.2/base/uvm_base.svh'.
Parsing included file '/home/synopsys/vcs-mx/O-2018.09-SP2/etc/uvm-1.2/base/uvm_resource.svh'.
Back to file '/home/synopsys/vcs-mx/O-2018.09-SP2/etc/uvm-1.2/base/uvm_base.svh'.
Parsing included file '/home/synopsys/vcs-mx/O-2018.09-SP2/etc/uvm-1.2/base/uvm_resource_specializations.svh'.
Back to file '/home/synopsys/vcs-mx/O-2018.09-SP2/etc/uvm-1.2/base/uvm_base.svh'.
Parsing included file '/home/synopsys/vcs-mx/O-2018.09-SP2/etc/uvm-1.2/base/uvm_resource_db.svh'.
Back to file '/home/synopsys/vcs-mx/O-2018.09-SP2/etc/uvm-1.2/base/uvm_base.svh'.
Parsing included file '/home/synopsys/vcs-mx/O-2018.09-SP2/etc/uvm-1.2/base/uvm_config_db.svh'.
Back to file '/home/synopsys/vcs-mx/O-2018.09-SP2/etc/uvm-1.2/base/uvm_base.svh'.
Parsing included file '/home/synopsys/vcs-mx/O-2018.09-SP2/etc/uvm-1.2/base/uvm_printer.svh'.
Back to file '/home/synopsys/vcs-mx/O-2018.09-SP2/etc/uvm-1.2/base/uvm_base.svh'.
Parsing included file '/home/synopsys/vcs-mx/O-2018.09-SP2/etc/uvm-1.2/base/uvm_comparer.svh'.
Back to file '/home/synopsys/vcs-mx/O-2018.09-SP2/etc/uvm-1.2/base/uvm_base.svh'.
Parsing included file '/home/synopsys/vcs-mx/O-2018.09-SP2/etc/uvm-1.2/base/uvm_packer.svh'.
Back to file '/home/synopsys/vcs-mx/O-2018.09-SP2/etc/uvm-1.2/base/uvm_base.svh'.
Parsing included file '/home/synopsys/vcs-mx/O-2018.09-SP2/etc/uvm-1.2/base/uvm_links.svh'.
Back to file '/home/synopsys/vcs-mx/O-2018.09-SP2/etc/uvm-1.2/base/uvm_base.svh'.
Parsing included file '/home/synopsys/vcs-mx/O-2018.09-SP2/etc/uvm-1.2/base/uvm_tr_database.svh'.
Back to file '/home/synopsys/vcs-mx/O-2018.09-SP2/etc/uvm-1.2/base/uvm_base.svh'.
Parsing included file '/home/synopsys/vcs-mx/O-2018.09-SP2/etc/uvm-1.2/base/uvm_tr_stream.svh'.
Back to file '/home/synopsys/vcs-mx/O-2018.09-SP2/etc/uvm-1.2/base/uvm_base.svh'.
Parsing included file '/home/synopsys/vcs-mx/O-2018.09-SP2/etc/uvm-1.2/base/uvm_recorder.svh'.
Back to file '/home/synopsys/vcs-mx/O-2018.09-SP2/etc/uvm-1.2/base/uvm_base.svh'.
Parsing included file '/home/synopsys/vcs-mx/O-2018.09-SP2/etc/uvm-1.2/base/uvm_event_callback.svh'.
Back to file '/home/synopsys/vcs-mx/O-2018.09-SP2/etc/uvm-1.2/base/uvm_base.svh'.
Parsing included file '/home/synopsys/vcs-mx/O-2018.09-SP2/etc/uvm-1.2/base/uvm_event.svh'.
Back to file '/home/synopsys/vcs-mx/O-2018.09-SP2/etc/uvm-1.2/base/uvm_base.svh'.
Parsing included file '/home/synopsys/vcs-mx/O-2018.09-SP2/etc/uvm-1.2/base/uvm_barrier.svh'.
Back to file '/home/synopsys/vcs-mx/O-2018.09-SP2/etc/uvm-1.2/base/uvm_base.svh'.
Parsing included file '/home/synopsys/vcs-mx/O-2018.09-SP2/etc/uvm-1.2/base/uvm_callback.svh'.
Parsing included file '/home/synopsys/vcs-mx/O-2018.09-SP2/etc/uvm-1.2/uvm_macros.svh'.
Back to file '/home/synopsys/vcs-mx/O-2018.09-SP2/etc/uvm-1.2/base/uvm_callback.svh'.
Back to file '/home/synopsys/vcs-mx/O-2018.09-SP2/etc/uvm-1.2/base/uvm_base.svh'.
Parsing included file '/home/synopsys/vcs-mx/O-2018.09-SP2/etc/uvm-1.2/base/uvm_report_message.svh'.
Back to file '/home/synopsys/vcs-mx/O-2018.09-SP2/etc/uvm-1.2/base/uvm_base.svh'.
Parsing included file '/home/synopsys/vcs-mx/O-2018.09-SP2/etc/uvm-1.2/base/uvm_report_catcher.svh'.
Back to file '/home/synopsys/vcs-mx/O-2018.09-SP2/etc/uvm-1.2/base/uvm_base.svh'.
Parsing included file '/home/synopsys/vcs-mx/O-2018.09-SP2/etc/uvm-1.2/base/uvm_report_server.svh'.
Back to file '/home/synopsys/vcs-mx/O-2018.09-SP2/etc/uvm-1.2/base/uvm_base.svh'.
Parsing included file '/home/synopsys/vcs-mx/O-2018.09-SP2/etc/uvm-1.2/base/uvm_report_handler.svh'.
Back to file '/home/synopsys/vcs-mx/O-2018.09-SP2/etc/uvm-1.2/base/uvm_base.svh'.
Parsing included file '/home/synopsys/vcs-mx/O-2018.09-SP2/etc/uvm-1.2/base/uvm_report_object.svh'.
Back to file '/home/synopsys/vcs-mx/O-2018.09-SP2/etc/uvm-1.2/base/uvm_base.svh'.
Parsing included file '/home/synopsys/vcs-mx/O-2018.09-SP2/etc/uvm-1.2/base/uvm_transaction.svh'.
Back to file '/home/synopsys/vcs-mx/O-2018.09-SP2/etc/uvm-1.2/base/uvm_base.svh'.
Parsing included file '/home/synopsys/vcs-mx/O-2018.09-SP2/etc/uvm-1.2/base/uvm_phase.svh'.
Back to file '/home/synopsys/vcs-mx/O-2018.09-SP2/etc/uvm-1.2/base/uvm_base.svh'.
Parsing included file '/home/synopsys/vcs-mx/O-2018.09-SP2/etc/uvm-1.2/base/uvm_domain.svh'.
Back to file '/home/synopsys/vcs-mx/O-2018.09-SP2/etc/uvm-1.2/base/uvm_base.svh'.
Parsing included file '/home/synopsys/vcs-mx/O-2018.09-SP2/etc/uvm-1.2/base/uvm_bottomup_phase.svh'.
Back to file '/home/synopsys/vcs-mx/O-2018.09-SP2/etc/uvm-1.2/base/uvm_base.svh'.
Parsing included file '/home/synopsys/vcs-mx/O-2018.09-SP2/etc/uvm-1.2/base/uvm_topdown_phase.svh'.
Back to file '/home/synopsys/vcs-mx/O-2018.09-SP2/etc/uvm-1.2/base/uvm_base.svh'.
Parsing included file '/home/synopsys/vcs-mx/O-2018.09-SP2/etc/uvm-1.2/base/uvm_task_phase.svh'.
Back to file '/home/synopsys/vcs-mx/O-2018.09-SP2/etc/uvm-1.2/base/uvm_base.svh'.
Parsing included file '/home/synopsys/vcs-mx/O-2018.09-SP2/etc/uvm-1.2/base/uvm_common_phases.svh'.
Back to file '/home/synopsys/vcs-mx/O-2018.09-SP2/etc/uvm-1.2/base/uvm_base.svh'.
Parsing included file '/home/synopsys/vcs-mx/O-2018.09-SP2/etc/uvm-1.2/base/uvm_runtime_phases.svh'.
Back to file '/home/synopsys/vcs-mx/O-2018.09-SP2/etc/uvm-1.2/base/uvm_base.svh'.
Parsing included file '/home/synopsys/vcs-mx/O-2018.09-SP2/etc/uvm-1.2/base/uvm_component.svh'.
Parsing included file '/home/synopsys/vcs-mx/O-2018.09-SP2/etc/uvm-1.2/base/uvm_root.svh'.
Back to file '/home/synopsys/vcs-mx/O-2018.09-SP2/etc/uvm-1.2/base/uvm_component.svh'.
Back to file '/home/synopsys/vcs-mx/O-2018.09-SP2/etc/uvm-1.2/base/uvm_base.svh'.
Parsing included file '/home/synopsys/vcs-mx/O-2018.09-SP2/etc/uvm-1.2/base/uvm_objection.svh'.
Back to file '/home/synopsys/vcs-mx/O-2018.09-SP2/etc/uvm-1.2/base/uvm_base.svh'.
Parsing included file '/home/synopsys/vcs-mx/O-2018.09-SP2/etc/uvm-1.2/base/uvm_heartbeat.svh'.
Back to file '/home/synopsys/vcs-mx/O-2018.09-SP2/etc/uvm-1.2/base/uvm_base.svh'.
Parsing included file '/home/synopsys/vcs-mx/O-2018.09-SP2/etc/uvm-1.2/base/uvm_globals.svh'.
Back to file '/home/synopsys/vcs-mx/O-2018.09-SP2/etc/uvm-1.2/base/uvm_base.svh'.
Parsing included file '/home/synopsys/vcs-mx/O-2018.09-SP2/etc/uvm-1.2/base/uvm_cmdline_processor.svh'.
Back to file '/home/synopsys/vcs-mx/O-2018.09-SP2/etc/uvm-1.2/base/uvm_base.svh'.
Parsing included file '/home/synopsys/vcs-mx/O-2018.09-SP2/etc/uvm-1.2/base/uvm_traversal.svh'.
Back to file '/home/synopsys/vcs-mx/O-2018.09-SP2/etc/uvm-1.2/base/uvm_base.svh'.
Back to file '/home/synopsys/vcs-mx/O-2018.09-SP2/etc/uvm-1.2/uvm_pkg.sv'.
Parsing included file '/home/synopsys/vcs-mx/O-2018.09-SP2/etc/uvm-1.2/dap/uvm_dap.svh'.
Parsing included file '/home/synopsys/vcs-mx/O-2018.09-SP2/etc/uvm-1.2/dap/uvm_set_get_dap_base.svh'.
Back to file '/home/synopsys/vcs-mx/O-2018.09-SP2/etc/uvm-1.2/dap/uvm_dap.svh'.
Parsing included file '/home/synopsys/vcs-mx/O-2018.09-SP2/etc/uvm-1.2/dap/uvm_simple_lock_dap.svh'.
Back to file '/home/synopsys/vcs-mx/O-2018.09-SP2/etc/uvm-1.2/dap/uvm_dap.svh'.
Parsing included file '/home/synopsys/vcs-mx/O-2018.09-SP2/etc/uvm-1.2/dap/uvm_get_to_lock_dap.svh'.
Back to file '/home/synopsys/vcs-mx/O-2018.09-SP2/etc/uvm-1.2/dap/uvm_dap.svh'.
Parsing included file '/home/synopsys/vcs-mx/O-2018.09-SP2/etc/uvm-1.2/dap/uvm_set_before_get_dap.svh'.
Back to file '/home/synopsys/vcs-mx/O-2018.09-SP2/etc/uvm-1.2/dap/uvm_dap.svh'.
Back to file '/home/synopsys/vcs-mx/O-2018.09-SP2/etc/uvm-1.2/uvm_pkg.sv'.
Parsing included file '/home/synopsys/vcs-mx/O-2018.09-SP2/etc/uvm-1.2/tlm1/uvm_tlm.svh'.
Parsing included file '/home/synopsys/vcs-mx/O-2018.09-SP2/etc/uvm-1.2/tlm1/uvm_tlm_ifs.svh'.
Back to file '/home/synopsys/vcs-mx/O-2018.09-SP2/etc/uvm-1.2/tlm1/uvm_tlm.svh'.
Parsing included file '/home/synopsys/vcs-mx/O-2018.09-SP2/etc/uvm-1.2/tlm1/uvm_sqr_ifs.svh'.
Back to file '/home/synopsys/vcs-mx/O-2018.09-SP2/etc/uvm-1.2/tlm1/uvm_tlm.svh'.
Parsing included file '/home/synopsys/vcs-mx/O-2018.09-SP2/etc/uvm-1.2/base/uvm_port_base.svh'.
Back to file '/home/synopsys/vcs-mx/O-2018.09-SP2/etc/uvm-1.2/tlm1/uvm_tlm.svh'.
Parsing included file '/home/synopsys/vcs-mx/O-2018.09-SP2/etc/uvm-1.2/tlm1/uvm_tlm_imps.svh'.
Back to file '/home/synopsys/vcs-mx/O-2018.09-SP2/etc/uvm-1.2/tlm1/uvm_tlm.svh'.
Parsing included file '/home/synopsys/vcs-mx/O-2018.09-SP2/etc/uvm-1.2/tlm1/uvm_imps.svh'.
Back to file '/home/synopsys/vcs-mx/O-2018.09-SP2/etc/uvm-1.2/tlm1/uvm_tlm.svh'.
Parsing included file '/home/synopsys/vcs-mx/O-2018.09-SP2/etc/uvm-1.2/tlm1/uvm_ports.svh'.
Back to file '/home/synopsys/vcs-mx/O-2018.09-SP2/etc/uvm-1.2/tlm1/uvm_tlm.svh'.
Parsing included file '/home/synopsys/vcs-mx/O-2018.09-SP2/etc/uvm-1.2/tlm1/uvm_exports.svh'.
Back to file '/home/synopsys/vcs-mx/O-2018.09-SP2/etc/uvm-1.2/tlm1/uvm_tlm.svh'.
Parsing included file '/home/synopsys/vcs-mx/O-2018.09-SP2/etc/uvm-1.2/tlm1/uvm_analysis_port.svh'.
Back to file '/home/synopsys/vcs-mx/O-2018.09-SP2/etc/uvm-1.2/tlm1/uvm_tlm.svh'.
Parsing included file '/home/synopsys/vcs-mx/O-2018.09-SP2/etc/uvm-1.2/tlm1/uvm_tlm_fifo_base.svh'.
Back to file '/home/synopsys/vcs-mx/O-2018.09-SP2/etc/uvm-1.2/tlm1/uvm_tlm.svh'.
Parsing included file '/home/synopsys/vcs-mx/O-2018.09-SP2/etc/uvm-1.2/tlm1/uvm_tlm_fifos.svh'.
Back to file '/home/synopsys/vcs-mx/O-2018.09-SP2/etc/uvm-1.2/tlm1/uvm_tlm.svh'.
Parsing included file '/home/synopsys/vcs-mx/O-2018.09-SP2/etc/uvm-1.2/tlm1/uvm_tlm_req_rsp.svh'.
Back to file '/home/synopsys/vcs-mx/O-2018.09-SP2/etc/uvm-1.2/tlm1/uvm_tlm.svh'.
Parsing included file '/home/synopsys/vcs-mx/O-2018.09-SP2/etc/uvm-1.2/tlm1/uvm_sqr_connections.svh'.
Back to file '/home/synopsys/vcs-mx/O-2018.09-SP2/etc/uvm-1.2/tlm1/uvm_tlm.svh'.
Back to file '/home/synopsys/vcs-mx/O-2018.09-SP2/etc/uvm-1.2/uvm_pkg.sv'.
Parsing included file '/home/synopsys/vcs-mx/O-2018.09-SP2/etc/uvm-1.2/comps/uvm_comps.svh'.
Parsing included file '/home/synopsys/vcs-mx/O-2018.09-SP2/etc/uvm-1.2/comps/uvm_pair.svh'.
Back to file '/home/synopsys/vcs-mx/O-2018.09-SP2/etc/uvm-1.2/comps/uvm_comps.svh'.
Parsing included file '/home/synopsys/vcs-mx/O-2018.09-SP2/etc/uvm-1.2/comps/uvm_policies.svh'.
Back to file '/home/synopsys/vcs-mx/O-2018.09-SP2/etc/uvm-1.2/comps/uvm_comps.svh'.
Parsing included file '/home/synopsys/vcs-mx/O-2018.09-SP2/etc/uvm-1.2/comps/uvm_in_order_comparator.svh'.
Back to file '/home/synopsys/vcs-mx/O-2018.09-SP2/etc/uvm-1.2/comps/uvm_comps.svh'.
Parsing included file '/home/synopsys/vcs-mx/O-2018.09-SP2/etc/uvm-1.2/comps/uvm_algorithmic_comparator.svh'.
Back to file '/home/synopsys/vcs-mx/O-2018.09-SP2/etc/uvm-1.2/comps/uvm_comps.svh'.
Parsing included file '/home/synopsys/vcs-mx/O-2018.09-SP2/etc/uvm-1.2/comps/uvm_random_stimulus.svh'.
Back to file '/home/synopsys/vcs-mx/O-2018.09-SP2/etc/uvm-1.2/comps/uvm_comps.svh'.
Parsing included file '/home/synopsys/vcs-mx/O-2018.09-SP2/etc/uvm-1.2/comps/uvm_subscriber.svh'.
Back to file '/home/synopsys/vcs-mx/O-2018.09-SP2/etc/uvm-1.2/comps/uvm_comps.svh'.
Parsing included file '/home/synopsys/vcs-mx/O-2018.09-SP2/etc/uvm-1.2/comps/uvm_monitor.svh'.
Back to file '/home/synopsys/vcs-mx/O-2018.09-SP2/etc/uvm-1.2/comps/uvm_comps.svh'.
Parsing included file '/home/synopsys/vcs-mx/O-2018.09-SP2/etc/uvm-1.2/comps/uvm_driver.svh'.
Back to file '/home/synopsys/vcs-mx/O-2018.09-SP2/etc/uvm-1.2/comps/uvm_comps.svh'.
Parsing included file '/home/synopsys/vcs-mx/O-2018.09-SP2/etc/uvm-1.2/comps/uvm_push_driver.svh'.
Back to file '/home/synopsys/vcs-mx/O-2018.09-SP2/etc/uvm-1.2/comps/uvm_comps.svh'.
Parsing included file '/home/synopsys/vcs-mx/O-2018.09-SP2/etc/uvm-1.2/comps/uvm_scoreboard.svh'.
Back to file '/home/synopsys/vcs-mx/O-2018.09-SP2/etc/uvm-1.2/comps/uvm_comps.svh'.
Parsing included file '/home/synopsys/vcs-mx/O-2018.09-SP2/etc/uvm-1.2/comps/uvm_agent.svh'.
Back to file '/home/synopsys/vcs-mx/O-2018.09-SP2/etc/uvm-1.2/comps/uvm_comps.svh'.
Parsing included file '/home/synopsys/vcs-mx/O-2018.09-SP2/etc/uvm-1.2/comps/uvm_env.svh'.
Back to file '/home/synopsys/vcs-mx/O-2018.09-SP2/etc/uvm-1.2/comps/uvm_comps.svh'.
Parsing included file '/home/synopsys/vcs-mx/O-2018.09-SP2/etc/uvm-1.2/comps/uvm_test.svh'.
Back to file '/home/synopsys/vcs-mx/O-2018.09-SP2/etc/uvm-1.2/comps/uvm_comps.svh'.
Back to file '/home/synopsys/vcs-mx/O-2018.09-SP2/etc/uvm-1.2/uvm_pkg.sv'.
Parsing included file '/home/synopsys/vcs-mx/O-2018.09-SP2/etc/uvm-1.2/seq/uvm_seq.svh'.
Parsing included file '/home/synopsys/vcs-mx/O-2018.09-SP2/etc/uvm-1.2/seq/uvm_sequence_item.svh'.
Back to file '/home/synopsys/vcs-mx/O-2018.09-SP2/etc/uvm-1.2/seq/uvm_seq.svh'.
Parsing included file '/home/synopsys/vcs-mx/O-2018.09-SP2/etc/uvm-1.2/seq/uvm_sequencer_base.svh'.
Back to file '/home/synopsys/vcs-mx/O-2018.09-SP2/etc/uvm-1.2/seq/uvm_seq.svh'.
Parsing included file '/home/synopsys/vcs-mx/O-2018.09-SP2/etc/uvm-1.2/seq/uvm_sequencer_analysis_fifo.svh'.
Back to file '/home/synopsys/vcs-mx/O-2018.09-SP2/etc/uvm-1.2/seq/uvm_seq.svh'.
Parsing included file '/home/synopsys/vcs-mx/O-2018.09-SP2/etc/uvm-1.2/seq/uvm_sequencer_param_base.svh'.
Back to file '/home/synopsys/vcs-mx/O-2018.09-SP2/etc/uvm-1.2/seq/uvm_seq.svh'.
Parsing included file '/home/synopsys/vcs-mx/O-2018.09-SP2/etc/uvm-1.2/seq/uvm_sequencer.svh'.
Back to file '/home/synopsys/vcs-mx/O-2018.09-SP2/etc/uvm-1.2/seq/uvm_seq.svh'.
Parsing included file '/home/synopsys/vcs-mx/O-2018.09-SP2/etc/uvm-1.2/seq/uvm_push_sequencer.svh'.
Back to file '/home/synopsys/vcs-mx/O-2018.09-SP2/etc/uvm-1.2/seq/uvm_seq.svh'.
Parsing included file '/home/synopsys/vcs-mx/O-2018.09-SP2/etc/uvm-1.2/seq/uvm_sequence_base.svh'.
Back to file '/home/synopsys/vcs-mx/O-2018.09-SP2/etc/uvm-1.2/seq/uvm_seq.svh'.
Parsing included file '/home/synopsys/vcs-mx/O-2018.09-SP2/etc/uvm-1.2/seq/uvm_sequence.svh'.
Back to file '/home/synopsys/vcs-mx/O-2018.09-SP2/etc/uvm-1.2/seq/uvm_seq.svh'.
Parsing included file '/home/synopsys/vcs-mx/O-2018.09-SP2/etc/uvm-1.2/seq/uvm_sequence_library.svh'.
Back to file '/home/synopsys/vcs-mx/O-2018.09-SP2/etc/uvm-1.2/seq/uvm_seq.svh'.
Parsing included file '/home/synopsys/vcs-mx/O-2018.09-SP2/etc/uvm-1.2/seq/uvm_sequence_builtin.svh'.
Back to file '/home/synopsys/vcs-mx/O-2018.09-SP2/etc/uvm-1.2/seq/uvm_seq.svh'.
Back to file '/home/synopsys/vcs-mx/O-2018.09-SP2/etc/uvm-1.2/uvm_pkg.sv'.
Parsing included file '/home/synopsys/vcs-mx/O-2018.09-SP2/etc/uvm-1.2/tlm2/uvm_tlm2.svh'.
Parsing included file '/home/synopsys/vcs-mx/O-2018.09-SP2/etc/uvm-1.2/tlm2/uvm_tlm2_defines.svh'.
Back to file '/home/synopsys/vcs-mx/O-2018.09-SP2/etc/uvm-1.2/tlm2/uvm_tlm2.svh'.
Parsing included file '/home/synopsys/vcs-mx/O-2018.09-SP2/etc/uvm-1.2/tlm2/uvm_tlm2_time.svh'.
Back to file '/home/synopsys/vcs-mx/O-2018.09-SP2/etc/uvm-1.2/tlm2/uvm_tlm2.svh'.
Parsing included file '/home/synopsys/vcs-mx/O-2018.09-SP2/etc/uvm-1.2/tlm2/uvm_tlm2_generic_payload.svh'.
Back to file '/home/synopsys/vcs-mx/O-2018.09-SP2/etc/uvm-1.2/tlm2/uvm_tlm2.svh'.
Parsing included file '/home/synopsys/vcs-mx/O-2018.09-SP2/etc/uvm-1.2/tlm2/uvm_tlm2_ifs.svh'.
Back to file '/home/synopsys/vcs-mx/O-2018.09-SP2/etc/uvm-1.2/tlm2/uvm_tlm2.svh'.
Parsing included file '/home/synopsys/vcs-mx/O-2018.09-SP2/etc/uvm-1.2/tlm2/uvm_tlm2_imps.svh'.
Back to file '/home/synopsys/vcs-mx/O-2018.09-SP2/etc/uvm-1.2/tlm2/uvm_tlm2.svh'.
Parsing included file '/home/synopsys/vcs-mx/O-2018.09-SP2/etc/uvm-1.2/tlm2/uvm_tlm2_ports.svh'.
Back to file '/home/synopsys/vcs-mx/O-2018.09-SP2/etc/uvm-1.2/tlm2/uvm_tlm2.svh'.
Parsing included file '/home/synopsys/vcs-mx/O-2018.09-SP2/etc/uvm-1.2/tlm2/uvm_tlm2_exports.svh'.
Back to file '/home/synopsys/vcs-mx/O-2018.09-SP2/etc/uvm-1.2/tlm2/uvm_tlm2.svh'.
Parsing included file '/home/synopsys/vcs-mx/O-2018.09-SP2/etc/uvm-1.2/tlm2/uvm_tlm2_sockets_base.svh'.
Back to file '/home/synopsys/vcs-mx/O-2018.09-SP2/etc/uvm-1.2/tlm2/uvm_tlm2.svh'.
Parsing included file '/home/synopsys/vcs-mx/O-2018.09-SP2/etc/uvm-1.2/tlm2/uvm_tlm2_sockets.svh'.
Back to file '/home/synopsys/vcs-mx/O-2018.09-SP2/etc/uvm-1.2/tlm2/uvm_tlm2.svh'.
Back to file '/home/synopsys/vcs-mx/O-2018.09-SP2/etc/uvm-1.2/uvm_pkg.sv'.
Parsing included file '/home/synopsys/vcs-mx/O-2018.09-SP2/etc/uvm-1.2/reg/uvm_reg_model.svh'.
Parsing included file '/home/synopsys/vcs-mx/O-2018.09-SP2/etc/uvm-1.2/reg/uvm_reg_item.svh'.
Back to file '/home/synopsys/vcs-mx/O-2018.09-SP2/etc/uvm-1.2/reg/uvm_reg_model.svh'.
Parsing included file '/home/synopsys/vcs-mx/O-2018.09-SP2/etc/uvm-1.2/reg/uvm_reg_adapter.svh'.
Back to file '/home/synopsys/vcs-mx/O-2018.09-SP2/etc/uvm-1.2/reg/uvm_reg_model.svh'.
Parsing included file '/home/synopsys/vcs-mx/O-2018.09-SP2/etc/uvm-1.2/reg/uvm_reg_predictor.svh'.
Back to file '/home/synopsys/vcs-mx/O-2018.09-SP2/etc/uvm-1.2/reg/uvm_reg_model.svh'.
Parsing included file '/home/synopsys/vcs-mx/O-2018.09-SP2/etc/uvm-1.2/reg/uvm_reg_sequence.svh'.
Back to file '/home/synopsys/vcs-mx/O-2018.09-SP2/etc/uvm-1.2/reg/uvm_reg_model.svh'.
Parsing included file '/home/synopsys/vcs-mx/O-2018.09-SP2/etc/uvm-1.2/reg/uvm_reg_cbs.svh'.
Back to file '/home/synopsys/vcs-mx/O-2018.09-SP2/etc/uvm-1.2/reg/uvm_reg_model.svh'.
Parsing included file '/home/synopsys/vcs-mx/O-2018.09-SP2/etc/uvm-1.2/reg/uvm_reg_backdoor.svh'.
Back to file '/home/synopsys/vcs-mx/O-2018.09-SP2/etc/uvm-1.2/reg/uvm_reg_model.svh'.
Parsing included file '/home/synopsys/vcs-mx/O-2018.09-SP2/etc/uvm-1.2/reg/uvm_reg_field.svh'.
Back to file '/home/synopsys/vcs-mx/O-2018.09-SP2/etc/uvm-1.2/reg/uvm_reg_model.svh'.
Parsing included file '/home/synopsys/vcs-mx/O-2018.09-SP2/etc/uvm-1.2/reg/uvm_vreg_field.svh'.
Back to file '/home/synopsys/vcs-mx/O-2018.09-SP2/etc/uvm-1.2/reg/uvm_reg_model.svh'.
Parsing included file '/home/synopsys/vcs-mx/O-2018.09-SP2/etc/uvm-1.2/reg/uvm_reg.svh'.
Back to file '/home/synopsys/vcs-mx/O-2018.09-SP2/etc/uvm-1.2/reg/uvm_reg_model.svh'.
Parsing included file '/home/synopsys/vcs-mx/O-2018.09-SP2/etc/uvm-1.2/reg/uvm_reg_indirect.svh'.
Back to file '/home/synopsys/vcs-mx/O-2018.09-SP2/etc/uvm-1.2/reg/uvm_reg_model.svh'.
Parsing included file '/home/synopsys/vcs-mx/O-2018.09-SP2/etc/uvm-1.2/reg/uvm_reg_fifo.svh'.
Back to file '/home/synopsys/vcs-mx/O-2018.09-SP2/etc/uvm-1.2/reg/uvm_reg_model.svh'.
Parsing included file '/home/synopsys/vcs-mx/O-2018.09-SP2/etc/uvm-1.2/reg/uvm_reg_file.svh'.
Back to file '/home/synopsys/vcs-mx/O-2018.09-SP2/etc/uvm-1.2/reg/uvm_reg_model.svh'.
Parsing included file '/home/synopsys/vcs-mx/O-2018.09-SP2/etc/uvm-1.2/reg/uvm_mem_mam.svh'.
Back to file '/home/synopsys/vcs-mx/O-2018.09-SP2/etc/uvm-1.2/reg/uvm_reg_model.svh'.
Parsing included file '/home/synopsys/vcs-mx/O-2018.09-SP2/etc/uvm-1.2/reg/uvm_vreg.svh'.
Back to file '/home/synopsys/vcs-mx/O-2018.09-SP2/etc/uvm-1.2/reg/uvm_reg_model.svh'.
Parsing included file '/home/synopsys/vcs-mx/O-2018.09-SP2/etc/uvm-1.2/reg/uvm_mem.svh'.
Back to file '/home/synopsys/vcs-mx/O-2018.09-SP2/etc/uvm-1.2/reg/uvm_reg_model.svh'.
Parsing included file '/home/synopsys/vcs-mx/O-2018.09-SP2/etc/uvm-1.2/reg/uvm_reg_map.svh'.
Back to file '/home/synopsys/vcs-mx/O-2018.09-SP2/etc/uvm-1.2/reg/uvm_reg_model.svh'.
Parsing included file '/home/synopsys/vcs-mx/O-2018.09-SP2/etc/uvm-1.2/reg/uvm_reg_block.svh'.
Back to file '/home/synopsys/vcs-mx/O-2018.09-SP2/etc/uvm-1.2/reg/uvm_reg_model.svh'.
Parsing included file '/home/synopsys/vcs-mx/O-2018.09-SP2/etc/uvm-1.2/reg/sequences/uvm_reg_hw_reset_seq.svh'.
Back to file '/home/synopsys/vcs-mx/O-2018.09-SP2/etc/uvm-1.2/reg/uvm_reg_model.svh'.
Parsing included file '/home/synopsys/vcs-mx/O-2018.09-SP2/etc/uvm-1.2/reg/sequences/uvm_reg_bit_bash_seq.svh'.
Back to file '/home/synopsys/vcs-mx/O-2018.09-SP2/etc/uvm-1.2/reg/uvm_reg_model.svh'.
Parsing included file '/home/synopsys/vcs-mx/O-2018.09-SP2/etc/uvm-1.2/reg/sequences/uvm_mem_walk_seq.svh'.
Back to file '/home/synopsys/vcs-mx/O-2018.09-SP2/etc/uvm-1.2/reg/uvm_reg_model.svh'.
Parsing included file '/home/synopsys/vcs-mx/O-2018.09-SP2/etc/uvm-1.2/reg/sequences/uvm_mem_access_seq.svh'.
Back to file '/home/synopsys/vcs-mx/O-2018.09-SP2/etc/uvm-1.2/reg/uvm_reg_model.svh'.
Parsing included file '/home/synopsys/vcs-mx/O-2018.09-SP2/etc/uvm-1.2/reg/sequences/uvm_reg_access_seq.svh'.
Back to file '/home/synopsys/vcs-mx/O-2018.09-SP2/etc/uvm-1.2/reg/uvm_reg_model.svh'.
Parsing included file '/home/synopsys/vcs-mx/O-2018.09-SP2/etc/uvm-1.2/reg/sequences/uvm_reg_mem_shared_access_seq.svh'.
Back to file '/home/synopsys/vcs-mx/O-2018.09-SP2/etc/uvm-1.2/reg/uvm_reg_model.svh'.
Parsing included file '/home/synopsys/vcs-mx/O-2018.09-SP2/etc/uvm-1.2/reg/sequences/uvm_reg_mem_built_in_seq.svh'.
Back to file '/home/synopsys/vcs-mx/O-2018.09-SP2/etc/uvm-1.2/reg/uvm_reg_model.svh'.
Parsing included file '/home/synopsys/vcs-mx/O-2018.09-SP2/etc/uvm-1.2/reg/sequences/uvm_reg_mem_hdl_paths_seq.svh'.
Back to file '/home/synopsys/vcs-mx/O-2018.09-SP2/etc/uvm-1.2/reg/uvm_reg_model.svh'.
Parsing included file '/home/synopsys/vcs-mx/O-2018.09-SP2/etc/uvm-1.2/reg/snps_uvm_reg_bank.svh'.
Back to file '/home/synopsys/vcs-mx/O-2018.09-SP2/etc/uvm-1.2/reg/uvm_reg_model.svh'.
Back to file '/home/synopsys/vcs-mx/O-2018.09-SP2/etc/uvm-1.2/uvm_pkg.sv'.
Parsing design file '/home/synopsys/vcs-mx/O-2018.09-SP2/etc/uvm-1.2/vcs/uvm_custom_install_vcs_recorder.sv'
Parsing included file '/home/synopsys/vcs-mx/O-2018.09-SP2/etc/uvm-1.2/vcs/msglog.svh'.
Back to file '/home/synopsys/vcs-mx/O-2018.09-SP2/etc/uvm-1.2/vcs/uvm_custom_install_vcs_recorder.sv'.
Parsing included file '/home/synopsys/vcs-mx/O-2018.09-SP2/etc/uvm-1.2/vcs/uvm_msglog_report_server.sv'.
Back to file '/home/synopsys/vcs-mx/O-2018.09-SP2/etc/uvm-1.2/vcs/uvm_custom_install_vcs_recorder.sv'.
Parsing included file '/home/synopsys/vcs-mx/O-2018.09-SP2/etc/uvm-1.2/vcs/uvm_vcs_recorder.svh'.
Parsing included file '/home/synopsys/vcs-mx/O-2018.09-SP2/etc/uvm-1.2/vcs/uvm_vcs_tr_database.svh'.
Parsing included file '/home/synopsys/vcs-mx/O-2018.09-SP2/etc/uvm-1.2/vcs/uvm_vcs_tr_stream.svh'.
Back to file '/home/synopsys/vcs-mx/O-2018.09-SP2/etc/uvm-1.2/vcs/uvm_vcs_tr_database.svh'.
Back to file '/home/synopsys/vcs-mx/O-2018.09-SP2/etc/uvm-1.2/vcs/uvm_vcs_recorder.svh'.
Back to file '/home/synopsys/vcs-mx/O-2018.09-SP2/etc/uvm-1.2/vcs/uvm_custom_install_vcs_recorder.sv'.
Parsing included file '/home/synopsys/vcs-mx/O-2018.09-SP2/etc/uvm-1.2/vcs/uvm_vcs_record_interface.sv'.
Parsing included file '/home/synopsys/vcs-mx/O-2018.09-SP2/etc/uvm-1.2/macros/uvm_global_defines.svh'.
Back to file '/home/synopsys/vcs-mx/O-2018.09-SP2/etc/uvm-1.2/vcs/uvm_vcs_record_interface.sv'.
Back to file '/home/synopsys/vcs-mx/O-2018.09-SP2/etc/uvm-1.2/vcs/uvm_custom_install_vcs_recorder.sv'.
Parsing design file '/home/synopsys/vcs-mx/O-2018.09-SP2/etc/uvm-1.2/verdi/uvm_custom_install_verdi_recorder.sv'
Parsing included file '/home/synopsys/vcs-mx/O-2018.09-SP2/etc/uvm-1.2/uvm_macros.svh'.
Back to file '/home/synopsys/vcs-mx/O-2018.09-SP2/etc/uvm-1.2/verdi/uvm_custom_install_verdi_recorder.sv'.
Parsing included file '/home/synopsys/vcs-mx/O-2018.09-SP2/etc/uvm-1.2/verdi/uvm_verdi_recorder.svh'.
Parsing included file '/home/synopsys/vcs-mx/O-2018.09-SP2/etc/uvm-1.2/verdi/uvm_verdi_pli_base.svh'.
Back to file '/home/synopsys/vcs-mx/O-2018.09-SP2/etc/uvm-1.2/verdi/uvm_verdi_recorder.svh'.
Parsing included file '/home/synopsys/vcs-mx/O-2018.09-SP2/etc/uvm-1.2/verdi/uvm_verdi_tr_database.svh'.
Parsing included file '/home/synopsys/vcs-mx/O-2018.09-SP2/etc/uvm-1.2/verdi/uvm_verdi_tr_stream.svh'.
Back to file '/home/synopsys/vcs-mx/O-2018.09-SP2/etc/uvm-1.2/verdi/uvm_verdi_tr_database.svh'.
Back to file '/home/synopsys/vcs-mx/O-2018.09-SP2/etc/uvm-1.2/verdi/uvm_verdi_recorder.svh'.
Back to file '/home/synopsys/vcs-mx/O-2018.09-SP2/etc/uvm-1.2/verdi/uvm_custom_install_verdi_recorder.sv'.
Parsing included file '/home/synopsys/vcs-mx/O-2018.09-SP2/etc/uvm-1.2/verdi/uvm_verdi_reg_map_recording.sv'.
Back to file '/home/synopsys/vcs-mx/O-2018.09-SP2/etc/uvm-1.2/verdi/uvm_custom_install_verdi_recorder.sv'.
Parsing included file '/home/synopsys/vcs-mx/O-2018.09-SP2/etc/uvm-1.2/verdi/uvm_verdi_message_catcher.svh'.
Parsing included file '/home/synopsys/vcs-mx/O-2018.09-SP2/etc/uvm-1.2/verdi/uvm_verdi_pli_base.svh'.
Back to file '/home/synopsys/vcs-mx/O-2018.09-SP2/etc/uvm-1.2/verdi/uvm_verdi_message_catcher.svh'.
Back to file '/home/synopsys/vcs-mx/O-2018.09-SP2/etc/uvm-1.2/verdi/uvm_custom_install_verdi_recorder.sv'.
Parsing included file '/home/synopsys/vcs-mx/O-2018.09-SP2/etc/uvm-1.2/verdi/uvm_verdi_factory.svh'.
Back to file '/home/synopsys/vcs-mx/O-2018.09-SP2/etc/uvm-1.2/verdi/uvm_custom_install_verdi_recorder.sv'.
Parsing included file '/home/synopsys/vcs-mx/O-2018.09-SP2/etc/uvm-1.2/verdi/./dpi/uvm_verdi_dpi.svh'.
Back to file '/home/synopsys/vcs-mx/O-2018.09-SP2/etc/uvm-1.2/verdi/uvm_custom_install_verdi_recorder.sv'.
Parsing included file '/home/synopsys/vcs-mx/O-2018.09-SP2/etc/uvm-1.2/verdi/uvm_verdi_reg_recording.sv'.
Back to file '/home/synopsys/vcs-mx/O-2018.09-SP2/etc/uvm-1.2/verdi/uvm_custom_install_verdi_recorder.sv'.
Parsing included file '/home/synopsys/vcs-mx/O-2018.09-SP2/etc/uvm-1.2/verdi/verdi_trans_recorder_dpi.svh'.
Back to file '/home/synopsys/vcs-mx/O-2018.09-SP2/etc/uvm-1.2/verdi/uvm_custom_install_verdi_recorder.sv'.
Parsing included file '/home/synopsys/vcs-mx/O-2018.09-SP2/etc/uvm-1.2/verdi/uvm_verdi_pli.svh'.
Back to file '/home/synopsys/vcs-mx/O-2018.09-SP2/etc/uvm-1.2/verdi/uvm_custom_install_verdi_recorder.sv'.
Parsing design file '/home/synopsys/vcs-mx/O-2018.09-SP2/etc/uvm-1.2/verdi/uvm_custom_install_verdi_recorder.sv'
Parsing design file 'noc_pkg.sv'
Parsing design file 'cb.sv'
Parsing design file 'mux.sv'
Parsing design file 'muxcont.sv'
Parsing design file 'arb.sv'
Parsing design file 'vc.sv'
Parsing design file 'rtcomp.sv'
Parsing design file 'vcmux.sv'
Parsing design file 'fifo.sv'
Parsing design file 'inputc.sv'
Parsing design file 'router.sv'
Parsing design file 'router_tb.sv'
Top Level Modules:
       uvm_custom_install_recording
       uvm_custom_install_verdi_recording
       router_tb
TimeScale is 1 ps / 1 ps

Warning-[PCWM-W] Port connection width mismatch
cb.sv, 19
" muxcont #(0) genblk1[0].i_muxcont( .clk (clk),  .rst_n (rst_n),  .port_i (port_i[0]),  .req_i (req_i),  .sel_o (cb_sel[0]),  .grt_o (cb_grt[0]));"
  The following 3-bit expression is connected to 15-bit port "port_i" of 
  module "muxcont", instance "genblk1[0].i_muxcont".
  Expression: port_i[0]
  	use +lint=PCWM for more details


Warning-[PCWM-W] Port connection width mismatch
cb.sv, 28
" mux genblk1[0].mux_0( .mux_i (cb_i),  .mux_o (cb_o[0]),  .sel (cb_sel[0]));"
  The following 5-bit expression is connected to 6-bit port "sel" of module 
  "mux", instance "genblk1[0].mux_0".
  Expression: cb_sel[0]
  	use +lint=PCWM for more details


Warning-[PCWM-W] Port connection width mismatch
cb.sv, 19
" muxcont #(1) genblk1[1].i_muxcont( .clk (clk),  .rst_n (rst_n),  .port_i (port_i[1]),  .req_i (req_i),  .sel_o (cb_sel[1]),  .grt_o (cb_grt[1]));"
  The following 3-bit expression is connected to 15-bit port "port_i" of 
  module "muxcont", instance "genblk1[1].i_muxcont".
  Expression: port_i[1]
  	use +lint=PCWM for more details


Warning-[PCWM-W] Port connection width mismatch
cb.sv, 28
" mux genblk1[1].mux_0( .mux_i (cb_i),  .mux_o (cb_o[1]),  .sel (cb_sel[1]));"
  The following 5-bit expression is connected to 6-bit port "sel" of module 
  "mux", instance "genblk1[1].mux_0".
  Expression: cb_sel[1]
  	use +lint=PCWM for more details


Warning-[PCWM-W] Port connection width mismatch
cb.sv, 19
" muxcont #(2) genblk1[2].i_muxcont( .clk (clk),  .rst_n (rst_n),  .port_i (port_i[2]),  .req_i (req_i),  .sel_o (cb_sel[2]),  .grt_o (cb_grt[2]));"
  The following 3-bit expression is connected to 15-bit port "port_i" of 
  module "muxcont", instance "genblk1[2].i_muxcont".
  Expression: port_i[2]
  	use +lint=PCWM for more details


Warning-[PCWM-W] Port connection width mismatch
cb.sv, 28
" mux genblk1[2].mux_0( .mux_i (cb_i),  .mux_o (cb_o[2]),  .sel (cb_sel[2]));"
  The following 5-bit expression is connected to 6-bit port "sel" of module 
  "mux", instance "genblk1[2].mux_0".
  Expression: cb_sel[2]
  	use +lint=PCWM for more details


Warning-[PCWM-W] Port connection width mismatch
cb.sv, 19
" muxcont #(3) genblk1[3].i_muxcont( .clk (clk),  .rst_n (rst_n),  .port_i (port_i[3]),  .req_i (req_i),  .sel_o (cb_sel[3]),  .grt_o (cb_grt[3]));"
  The following 3-bit expression is connected to 15-bit port "port_i" of 
  module "muxcont", instance "genblk1[3].i_muxcont".
  Expression: port_i[3]
  	use +lint=PCWM for more details


Warning-[PCWM-W] Port connection width mismatch
cb.sv, 28
" mux genblk1[3].mux_0( .mux_i (cb_i),  .mux_o (cb_o[3]),  .sel (cb_sel[3]));"
  The following 5-bit expression is connected to 6-bit port "sel" of module 
  "mux", instance "genblk1[3].mux_0".
  Expression: cb_sel[3]
  	use +lint=PCWM for more details


Warning-[PCWM-W] Port connection width mismatch
cb.sv, 19
" muxcont #(4) genblk1[4].i_muxcont( .clk (clk),  .rst_n (rst_n),  .port_i (port_i[4]),  .req_i (req_i),  .sel_o (cb_sel[4]),  .grt_o (cb_grt[4]));"
  The following 3-bit expression is connected to 15-bit port "port_i" of 
  module "muxcont", instance "genblk1[4].i_muxcont".
  Expression: port_i[4]
  	use +lint=PCWM for more details


Warning-[PCWM-W] Port connection width mismatch
cb.sv, 28
" mux genblk1[4].mux_0( .mux_i (cb_i),  .mux_o (cb_o[4]),  .sel (cb_sel[4]));"
  The following 5-bit expression is connected to 6-bit port "sel" of module 
  "mux", instance "genblk1[4].mux_0".
  Expression: cb_sel[4]
  	use +lint=PCWM for more details


Warning-[PCWM-W] Port connection width mismatch
muxcont.sv, 40
"arb i_arb( .req (req),  .grt (grt));"
  The following 1-bit expression is connected to 6-bit port "grt" of module 
  "arb", instance "i_arb".
  Expression: grt
  	use +lint=PCWM for more details

Starting vcs inline pass...
12 modules and 0 UDP read.
recompiling package vcs_paramclassrepository
recompiling package _vcs_DPI_package
recompiling package uvm_pkg
recompiling package _vcs_msglog
recompiling module uvm_custom_install_recording
recompiling module uvm_custom_install_verdi_recording
recompiling package noc_pkg
recompiling module mux
recompiling module muxcont
recompiling module vc
recompiling module inputc
recompiling module router_tb
All of 12 modules done
make[1]: Entering directory `/home/ICer/example/my_git/noc/rtl/csrc'
make[1]: Leaving directory `/home/ICer/example/my_git/noc/rtl/csrc'
make[1]: Entering directory `/home/ICer/example/my_git/noc/rtl/csrc'
rm -f _csrc*.so pre_vcsobj_*.so share_vcsobj_*.so
g++ -w  -pipe -DVCSMX -DUVM_DPI_DO_TYPE_CHECK -fPIC -O -I/home/synopsys/vcs-mx/O-2018.09-SP2/include    -c /home/synopsys/vcs-mx/O-2018.09-SP2/etc/uvm-1.2/dpi/uvm_dpi.cc
g++ -w  -pipe -DVCSMX -DUVM_DPI_DO_TYPE_CHECK -fPIC -O -I/home/synopsys/vcs-mx/O-2018.09-SP2/include    -c /home/synopsys/vcs-mx/O-2018.09-SP2/etc/uvm-1.2/verdi/dpi/uvm_verdi_dpi.cpp
if [ -x ../simv ]; then chmod -x ../simv; fi
g++  -o ../simv    -Wl,-rpath-link=./ -Wl,-rpath='$ORIGIN'/simv.daidir/ -Wl,-rpath=./simv.daidir/ -Wl,-rpath='$ORIGIN'/simv.daidir//scsim.db.dir  -rdynamic  -Wl,-rpath=/home/synopsys/vcs-mx/O-2018.09-SP2/linux64/lib -L/home/synopsys/vcs-mx/O-2018.09-SP2/linux64/lib  uvm_dpi.o uvm_verdi_dpi.o   objs/amcQw_d.o   _48501_archive_1.so  SIM_l.o      rmapats_mop.o rmapats.o rmar.o rmar_nd.o  rmar_llvm_0_1.o rmar_llvm_0_0.o          -lzerosoft_rt_stubs -lvirsim -lerrorinf -lsnpsmalloc -lvfs    -lvcsnew -lsimprofile -luclinative /home/synopsys/vcs-mx/O-2018.09-SP2/linux64/lib/vcs_tls.o   -Wl,-whole-archive -lvcsucli -Wl,-no-whole-archive       ./../simv.daidir/vc_hdrs.o  _vcs_pli_stub_.o   /home/synopsys/vcs-mx/O-2018.09-SP2/linux64/lib/vcs_save_restore_new.o /home/synopsys/verdi/Verdi_O-2018.09-SP2/share/PLI/VCS/LINUX64/pli.a -ldl  -lc -lm -lpthread -ldl 
../simv up to date
make[1]: Leaving directory `/home/ICer/example/my_git/noc/rtl/csrc'
Chronologic VCS simulator copyright 1991-2018
Contains Synopsys proprietary information.
Compiler version O-2018.09-SP2_Full64; Runtime version O-2018.09-SP2_Full64;  May 21 11:42 2024
UVM_INFO /home/synopsys/vcs-mx/O-2018.09-SP2/etc/uvm-1.2/base/uvm_root.svh(402) @ 0: reporter [UVM/RELNOTES] 
----------------------------------------------------------------
UVM-1.2.Synopsys
(C) 2007-2014 Mentor Graphics Corporation
(C) 2007-2014 Cadence Design Systems, Inc.
(C) 2006-2014 Synopsys, Inc.
(C) 2011-2013 Cypress Semiconductor Corp.
(C) 2013-2014 NVIDIA Corporation
----------------------------------------------------------------

  ***********       IMPORTANT RELEASE NOTES         ************

  You are using a version of the UVM library that has been compiled
  with `UVM_NO_DEPRECATED undefined.
  See http://www.eda.org/svdb/view.php?id=3313 for more details.

  You are using a version of the UVM library that has been compiled
  with `UVM_OBJECT_DO_NOT_NEED_CONSTRUCTOR undefined.
  See http://www.eda.org/svdb/view.php?id=3770 for more details.

      (Specify +UVM_NO_RELNOTES to turn off this notice)

*Verdi* Loading libsscore_vcs201809.so
FSDB Dumper for VCS, Release Verdi_O-2018.09-SP2, Linux x86_64/64bit, 02/21/2019
(C) 1996 - 2019 by Synopsys, Inc.
*Verdi* : Create FSDB file 'tb.fsdb'
*Verdi* : Begin traversing the scopes, layer (0).
*Verdi* : Enable +all dumping.
*Verdi* : End of traversing.
wr_addr x,odata xxxxxxxxx.d_cnt x
wr_addr x,odata xxxxxxxxx.d_cnt x
wr_addr x,odata xxxxxxxxx.d_cnt x
wr_addr x,odata xxxxxxxxx.d_cnt x
wr_addr x,odata xxxxxxxxx.d_cnt x
wr_addr x,odata xxxxxxxxx.d_cnt x
wr_addr x,odata xxxxxxxxx.d_cnt x
wr_addr x,odata xxxxxxxxx.d_cnt x
wr_addr x,odata xxxxxxxxx.d_cnt x
wr_addr x,odata xxxxxxxxx.d_cnt x
wr_addr 0,odata 000000000.d_cnt 0
wr_addr 0,odata 000000000.d_cnt 0
wr_addr 0,odata 000000000.d_cnt 0
wr_addr 0,odata 000000000.d_cnt 0
wr_addr 0,odata 000000000.d_cnt 0
wr_addr 0,odata 000000000.d_cnt 0
wr_addr 0,odata 000000000.d_cnt 0
wr_addr 0,odata 000000000.d_cnt 0
wr_addr 0,odata 000000000.d_cnt 0
wr_addr 0,odata 000000000.d_cnt 0
wr_addr 0,odata 000000000.d_cnt 0
wr_addr 0,odata 000000000.d_cnt 0
wr_addr 0,odata 000000000.d_cnt 0
wr_addr 0,odata 000000000.d_cnt 0
wr_addr 0,odata 000000000.d_cnt 0
wr_addr 0,odata 000000000.d_cnt 0
wr_addr 0,odata 000000000.d_cnt 0
wr_addr 0,odata 000000000.d_cnt 0
wr_addr 0,odata 000000000.d_cnt 0
wr_addr 0,odata 000000000.d_cnt 0
wr_addr 0,odata 000000000.d_cnt 0
wr_addr 0,odata 000000000.d_cnt 0
wr_addr 0,odata 000000000.d_cnt 0
wr_addr 0,odata 000000000.d_cnt 0
wr_addr 0,odata 000000000.d_cnt 0
wr_addr 0,odata 000000000.d_cnt 0
wr_addr 0,odata 000000000.d_cnt 0
wr_addr 0,odata 000000000.d_cnt 0
wr_addr 0,odata 000000000.d_cnt 0
wr_addr 0,odata 000000000.d_cnt 0
wr_addr 1,odata 100000009.d_cnt 1
wr_addr 0,odata 000000000.d_cnt 0
wr_addr 0,odata 000000000.d_cnt 0
wr_addr 0,odata 000000000.d_cnt 0
wr_addr 0,odata 000000000.d_cnt 0
wr_addr 0,odata 000000000.d_cnt 0
wr_addr 0,odata 000000000.d_cnt 0
wr_addr 0,odata 000000000.d_cnt 0
wr_addr 0,odata 000000000.d_cnt 0
wr_addr 0,odata 000000000.d_cnt 0
wr_addr 2,odata 100000009.d_cnt 2
wr_addr 0,odata 000000000.d_cnt 0
wr_addr 0,odata 000000000.d_cnt 0
wr_addr 0,odata 000000000.d_cnt 0
wr_addr 0,odata 000000000.d_cnt 0
wr_addr 0,odata 000000000.d_cnt 0
wr_addr 0,odata 000000000.d_cnt 0
wr_addr 0,odata 000000000.d_cnt 0
wr_addr 0,odata 000000000.d_cnt 0
wr_addr 0,odata 000000000.d_cnt 0
wr_addr 3,odata 100000009.d_cnt 3
wr_addr 0,odata 000000000.d_cnt 0
wr_addr 0,odata 000000000.d_cnt 0
wr_addr 0,odata 000000000.d_cnt 0
wr_addr 0,odata 000000000.d_cnt 0
wr_addr 0,odata 000000000.d_cnt 0
wr_addr 0,odata 000000000.d_cnt 0
wr_addr 0,odata 000000000.d_cnt 0
wr_addr 0,odata 000000000.d_cnt 0
wr_addr 0,odata 000000000.d_cnt 0
wr_addr 4,odata 100000009.d_cnt 4
wr_addr 0,odata 000000000.d_cnt 0
wr_addr 0,odata 000000000.d_cnt 0
wr_addr 0,odata 000000000.d_cnt 0
wr_addr 0,odata 000000000.d_cnt 0
wr_addr 0,odata 000000000.d_cnt 0
wr_addr 0,odata 000000000.d_cnt 0
wr_addr 0,odata 000000000.d_cnt 0
wr_addr 0,odata 000000000.d_cnt 0
wr_addr 0,odata 000000000.d_cnt 0
wr_addr 0,odata 100000009.d_cnt 5
wr_addr 0,odata 000000000.d_cnt 0
wr_addr 0,odata 000000000.d_cnt 0
wr_addr 0,odata 000000000.d_cnt 0
wr_addr 0,odata 000000000.d_cnt 0
wr_addr 0,odata 000000000.d_cnt 0
wr_addr 0,odata 000000000.d_cnt 0
wr_addr 0,odata 000000000.d_cnt 0
wr_addr 0,odata 000000000.d_cnt 0
wr_addr 0,odata 000000000.d_cnt 0
wr_addr 0,odata 100000009.d_cnt 5
wr_addr 0,odata 000000000.d_cnt 0
wr_addr 0,odata 000000000.d_cnt 0
wr_addr 0,odata 000000000.d_cnt 0
wr_addr 0,odata 000000000.d_cnt 0
wr_addr 0,odata 000000000.d_cnt 0
wr_addr 0,odata 000000000.d_cnt 0
wr_addr 0,odata 000000000.d_cnt 0
wr_addr 0,odata 000000000.d_cnt 0
wr_addr 0,odata 000000000.d_cnt 0
wr_addr 0,odata 100000009.d_cnt 5
wr_addr 0,odata 000000000.d_cnt 0
wr_addr 0,odata 000000000.d_cnt 0
wr_addr 0,odata 000000000.d_cnt 0
wr_addr 0,odata 000000000.d_cnt 0
wr_addr 0,odata 000000000.d_cnt 0
wr_addr 0,odata 000000000.d_cnt 0
wr_addr 0,odata 000000000.d_cnt 0
wr_addr 0,odata 000000000.d_cnt 0
wr_addr 0,odata 000000000.d_cnt 0
wr_addr 0,odata 100000009.d_cnt 5
wr_addr 0,odata 000000000.d_cnt 0
wr_addr 0,odata 000000000.d_cnt 0
wr_addr 0,odata 000000000.d_cnt 0
wr_addr 0,odata 000000000.d_cnt 0
wr_addr 0,odata 000000000.d_cnt 0
wr_addr 0,odata 000000000.d_cnt 0
wr_addr 0,odata 000000000.d_cnt 0
wr_addr 0,odata 000000000.d_cnt 0
wr_addr 0,odata 000000000.d_cnt 0
wr_addr 0,odata 100000009.d_cnt 5
wr_addr 0,odata 000000000.d_cnt 0
wr_addr 0,odata 000000000.d_cnt 0
wr_addr 0,odata 000000000.d_cnt 0
wr_addr 0,odata 000000000.d_cnt 0
wr_addr 0,odata 000000000.d_cnt 0
wr_addr 0,odata 000000000.d_cnt 0
wr_addr 0,odata 000000000.d_cnt 0
wr_addr 0,odata 000000000.d_cnt 0
wr_addr 0,odata 000000000.d_cnt 0
wr_addr 0,odata 100000009.d_cnt 5
wr_addr 0,odata 000000000.d_cnt 0
wr_addr 0,odata 000000000.d_cnt 0
wr_addr 0,odata 000000000.d_cnt 0
wr_addr 0,odata 000000000.d_cnt 0
wr_addr 0,odata 000000000.d_cnt 0
wr_addr 0,odata 000000000.d_cnt 0
wr_addr 0,odata 000000000.d_cnt 0
wr_addr 0,odata 000000000.d_cnt 0
wr_addr 0,odata 000000000.d_cnt 0
wr_addr 0,odata 100000009.d_cnt 5
wr_addr 0,odata 000000000.d_cnt 0
wr_addr 0,odata 000000000.d_cnt 0
wr_addr 0,odata 000000000.d_cnt 0
wr_addr 0,odata 000000000.d_cnt 0
wr_addr 0,odata 000000000.d_cnt 0
wr_addr 0,odata 000000000.d_cnt 0
wr_addr 0,odata 000000000.d_cnt 0
wr_addr 0,odata 000000000.d_cnt 0
wr_addr 0,odata 000000000.d_cnt 0
wr_addr 0,odata 100000009.d_cnt 5
wr_addr 0,odata 000000000.d_cnt 0
wr_addr 0,odata 000000000.d_cnt 0
wr_addr 0,odata 000000000.d_cnt 0
wr_addr 0,odata 000000000.d_cnt 0
wr_addr 0,odata 000000000.d_cnt 0
wr_addr 0,odata 000000000.d_cnt 0
wr_addr 0,odata 000000000.d_cnt 0
wr_addr 0,odata 000000000.d_cnt 0
wr_addr 0,odata 000000000.d_cnt 0
wr_addr 0,odata 100000009.d_cnt 5
wr_addr 0,odata 000000000.d_cnt 0
wr_addr 0,odata 000000000.d_cnt 0
wr_addr 0,odata 000000000.d_cnt 0
wr_addr 0,odata 000000000.d_cnt 0
wr_addr 0,odata 000000000.d_cnt 0
wr_addr 0,odata 000000000.d_cnt 0
wr_addr 0,odata 000000000.d_cnt 0
wr_addr 0,odata 000000000.d_cnt 0
wr_addr 0,odata 000000000.d_cnt 0
wr_addr 0,odata 100000009.d_cnt 5
wr_addr 0,odata 000000000.d_cnt 0
wr_addr 0,odata 000000000.d_cnt 0
wr_addr 0,odata 000000000.d_cnt 0
wr_addr 0,odata 000000000.d_cnt 0
wr_addr 0,odata 000000000.d_cnt 0
wr_addr 0,odata 000000000.d_cnt 0
wr_addr 0,odata 000000000.d_cnt 0
wr_addr 0,odata 000000000.d_cnt 0
wr_addr 0,odata 000000000.d_cnt 0
wr_addr 0,odata 100000009.d_cnt 5
wr_addr 0,odata 000000000.d_cnt 0
wr_addr 0,odata 000000000.d_cnt 0
wr_addr 0,odata 000000000.d_cnt 0
wr_addr 0,odata 000000000.d_cnt 0
wr_addr 0,odata 000000000.d_cnt 0
wr_addr 0,odata 000000000.d_cnt 0
wr_addr 0,odata 000000000.d_cnt 0
wr_addr 0,odata 000000000.d_cnt 0
wr_addr 0,odata 000000000.d_cnt 0
wr_addr 0,odata 100000009.d_cnt 5
wr_addr 0,odata 000000000.d_cnt 0
wr_addr 0,odata 000000000.d_cnt 0
wr_addr 0,odata 000000000.d_cnt 0
wr_addr 0,odata 000000000.d_cnt 0
wr_addr 0,odata 000000000.d_cnt 0
wr_addr 0,odata 000000000.d_cnt 0
wr_addr 0,odata 000000000.d_cnt 0
wr_addr 0,odata 000000000.d_cnt 0
wr_addr 0,odata 000000000.d_cnt 0
wr_addr 0,odata 100000009.d_cnt 5
wr_addr 0,odata 000000000.d_cnt 0
wr_addr 0,odata 000000000.d_cnt 0
wr_addr 0,odata 000000000.d_cnt 0
wr_addr 0,odata 000000000.d_cnt 0
wr_addr 0,odata 000000000.d_cnt 0
wr_addr 0,odata 000000000.d_cnt 0
wr_addr 0,odata 000000000.d_cnt 0
wr_addr 0,odata 000000000.d_cnt 0
wr_addr 0,odata 000000000.d_cnt 0
wr_addr 0,odata 100000009.d_cnt 5
wr_addr 0,odata 000000000.d_cnt 0
wr_addr 0,odata 000000000.d_cnt 0
wr_addr 0,odata 000000000.d_cnt 0
wr_addr 0,odata 000000000.d_cnt 0
wr_addr 0,odata 000000000.d_cnt 0
wr_addr 0,odata 000000000.d_cnt 0
wr_addr 0,odata 000000000.d_cnt 0
wr_addr 0,odata 000000000.d_cnt 0
wr_addr 0,odata 000000000.d_cnt 0
wr_addr 0,odata 100000009.d_cnt 5
wr_addr 0,odata 000000000.d_cnt 0
wr_addr 0,odata 000000000.d_cnt 0
wr_addr 0,odata 000000000.d_cnt 0
wr_addr 0,odata 000000000.d_cnt 0
wr_addr 0,odata 000000000.d_cnt 0
wr_addr 0,odata 000000000.d_cnt 0
wr_addr 0,odata 000000000.d_cnt 0
wr_addr 0,odata 000000000.d_cnt 0
wr_addr 0,odata 000000000.d_cnt 0
wr_addr 0,odata 100000009.d_cnt 5
wr_addr 0,odata 000000000.d_cnt 0
wr_addr 0,odata 000000000.d_cnt 0
wr_addr 0,odata 000000000.d_cnt 0
wr_addr 0,odata 000000000.d_cnt 0
wr_addr 0,odata 000000000.d_cnt 0
wr_addr 0,odata 000000000.d_cnt 0
wr_addr 0,odata 000000000.d_cnt 0
wr_addr 0,odata 000000000.d_cnt 0
wr_addr 0,odata 000000000.d_cnt 0
wr_addr 0,odata 100000009.d_cnt 5
wr_addr 0,odata 000000000.d_cnt 0
wr_addr 0,odata 000000000.d_cnt 0
wr_addr 0,odata 000000000.d_cnt 0
wr_addr 0,odata 000000000.d_cnt 0
wr_addr 0,odata 000000000.d_cnt 0
wr_addr 0,odata 000000000.d_cnt 0
wr_addr 0,odata 000000000.d_cnt 0
wr_addr 0,odata 000000000.d_cnt 0
wr_addr 0,odata 000000000.d_cnt 0
wr_addr 0,odata 100000009.d_cnt 5
wr_addr 0,odata 000000000.d_cnt 0
wr_addr 0,odata 000000000.d_cnt 0
wr_addr 0,odata 000000000.d_cnt 0
wr_addr 0,odata 000000000.d_cnt 0
wr_addr 0,odata 000000000.d_cnt 0
wr_addr 0,odata 000000000.d_cnt 0
wr_addr 0,odata 000000000.d_cnt 0
wr_addr 0,odata 000000000.d_cnt 0
wr_addr 0,odata 000000000.d_cnt 0
wr_addr 0,odata 100000009.d_cnt 5
wr_addr 0,odata 000000000.d_cnt 0
wr_addr 0,odata 000000000.d_cnt 0
wr_addr 0,odata 000000000.d_cnt 0
wr_addr 0,odata 000000000.d_cnt 0
wr_addr 0,odata 000000000.d_cnt 0
wr_addr 0,odata 000000000.d_cnt 0
wr_addr 0,odata 000000000.d_cnt 0
wr_addr 0,odata 000000000.d_cnt 0
wr_addr 0,odata 000000000.d_cnt 0
wr_addr 0,odata 100000009.d_cnt 5
wr_addr 0,odata 000000000.d_cnt 0
wr_addr 0,odata 000000000.d_cnt 0
wr_addr 0,odata 000000000.d_cnt 0
wr_addr 0,odata 000000000.d_cnt 0
wr_addr 0,odata 000000000.d_cnt 0
wr_addr 0,odata 000000000.d_cnt 0
wr_addr 0,odata 000000000.d_cnt 0
wr_addr 0,odata 000000000.d_cnt 0
wr_addr 0,odata 000000000.d_cnt 0
wr_addr 0,odata 100000009.d_cnt 5
wr_addr 0,odata 000000000.d_cnt 0
wr_addr 0,odata 000000000.d_cnt 0
wr_addr 0,odata 000000000.d_cnt 0
wr_addr 0,odata 000000000.d_cnt 0
wr_addr 0,odata 000000000.d_cnt 0
wr_addr 0,odata 000000000.d_cnt 0
wr_addr 0,odata 000000000.d_cnt 0
wr_addr 0,odata 000000000.d_cnt 0
wr_addr 0,odata 000000000.d_cnt 0
wr_addr 0,odata 100000009.d_cnt 5
wr_addr 0,odata 000000000.d_cnt 0
wr_addr 0,odata 000000000.d_cnt 0
wr_addr 0,odata 000000000.d_cnt 0
wr_addr 0,odata 000000000.d_cnt 0
wr_addr 0,odata 000000000.d_cnt 0
wr_addr 0,odata 000000000.d_cnt 0
wr_addr 0,odata 000000000.d_cnt 0
wr_addr 0,odata 000000000.d_cnt 0
wr_addr 0,odata 000000000.d_cnt 0
wr_addr 0,odata 100000009.d_cnt 5
wr_addr 0,odata 000000000.d_cnt 0
wr_addr 0,odata 000000000.d_cnt 0
wr_addr 0,odata 000000000.d_cnt 0
wr_addr 0,odata 000000000.d_cnt 0
wr_addr 0,odata 000000000.d_cnt 0
wr_addr 0,odata 000000000.d_cnt 0
wr_addr 0,odata 000000000.d_cnt 0
wr_addr 0,odata 000000000.d_cnt 0
wr_addr 0,odata 000000000.d_cnt 0
wr_addr 0,odata 100000009.d_cnt 5
wr_addr 0,odata 000000000.d_cnt 0
wr_addr 0,odata 000000000.d_cnt 0
wr_addr 0,odata 000000000.d_cnt 0
wr_addr 0,odata 000000000.d_cnt 0
wr_addr 0,odata 000000000.d_cnt 0
wr_addr 0,odata 000000000.d_cnt 0
wr_addr 0,odata 000000000.d_cnt 0
wr_addr 0,odata 000000000.d_cnt 0
wr_addr 0,odata 000000000.d_cnt 0
wr_addr 0,odata 100000009.d_cnt 5
wr_addr 0,odata 000000000.d_cnt 0
wr_addr 0,odata 000000000.d_cnt 0
wr_addr 0,odata 000000000.d_cnt 0
wr_addr 0,odata 000000000.d_cnt 0
wr_addr 0,odata 000000000.d_cnt 0
wr_addr 0,odata 000000000.d_cnt 0
wr_addr 0,odata 000000000.d_cnt 0
wr_addr 0,odata 000000000.d_cnt 0
wr_addr 0,odata 000000000.d_cnt 0
wr_addr 0,odata 100000009.d_cnt 5
wr_addr 0,odata 000000000.d_cnt 0
wr_addr 0,odata 000000000.d_cnt 0
wr_addr 0,odata 000000000.d_cnt 0
wr_addr 0,odata 000000000.d_cnt 0
wr_addr 0,odata 000000000.d_cnt 0
wr_addr 0,odata 000000000.d_cnt 0
wr_addr 0,odata 000000000.d_cnt 0
wr_addr 0,odata 000000000.d_cnt 0
wr_addr 0,odata 000000000.d_cnt 0
wr_addr 0,odata 100000009.d_cnt 5
wr_addr 0,odata 000000000.d_cnt 0
wr_addr 0,odata 000000000.d_cnt 0
wr_addr 0,odata 000000000.d_cnt 0
wr_addr 0,odata 000000000.d_cnt 0
wr_addr 0,odata 000000000.d_cnt 0
wr_addr 0,odata 000000000.d_cnt 0
wr_addr 0,odata 000000000.d_cnt 0
wr_addr 0,odata 000000000.d_cnt 0
wr_addr 0,odata 000000000.d_cnt 0
wr_addr 0,odata 100000009.d_cnt 5
wr_addr 0,odata 000000000.d_cnt 0
wr_addr 0,odata 000000000.d_cnt 0
wr_addr 0,odata 000000000.d_cnt 0
wr_addr 0,odata 000000000.d_cnt 0
wr_addr 0,odata 000000000.d_cnt 0
wr_addr 0,odata 000000000.d_cnt 0
wr_addr 0,odata 000000000.d_cnt 0
wr_addr 0,odata 000000000.d_cnt 0
wr_addr 0,odata 000000000.d_cnt 0
wr_addr 0,odata 100000009.d_cnt 5
wr_addr 0,odata 000000000.d_cnt 0
wr_addr 0,odata 000000000.d_cnt 0
wr_addr 0,odata 000000000.d_cnt 0
wr_addr 0,odata 000000000.d_cnt 0
wr_addr 0,odata 000000000.d_cnt 0
wr_addr 0,odata 000000000.d_cnt 0
wr_addr 0,odata 000000000.d_cnt 0
wr_addr 0,odata 000000000.d_cnt 0
wr_addr 0,odata 000000000.d_cnt 0
wr_addr 0,odata 100000009.d_cnt 5
wr_addr 0,odata 000000000.d_cnt 0
wr_addr 0,odata 000000000.d_cnt 0
wr_addr 0,odata 000000000.d_cnt 0
wr_addr 0,odata 000000000.d_cnt 0
wr_addr 0,odata 000000000.d_cnt 0
wr_addr 0,odata 000000000.d_cnt 0
wr_addr 0,odata 000000000.d_cnt 0
wr_addr 0,odata 000000000.d_cnt 0
wr_addr 0,odata 000000000.d_cnt 0
wr_addr 0,odata 100000009.d_cnt 5
wr_addr 0,odata 000000000.d_cnt 0
wr_addr 0,odata 000000000.d_cnt 0
wr_addr 0,odata 000000000.d_cnt 0
wr_addr 0,odata 000000000.d_cnt 0
wr_addr 0,odata 000000000.d_cnt 0
wr_addr 0,odata 000000000.d_cnt 0
wr_addr 0,odata 000000000.d_cnt 0
wr_addr 0,odata 000000000.d_cnt 0
wr_addr 0,odata 000000000.d_cnt 0
wr_addr 0,odata 100000009.d_cnt 5
wr_addr 0,odata 000000000.d_cnt 0
wr_addr 0,odata 000000000.d_cnt 0
wr_addr 0,odata 000000000.d_cnt 0
wr_addr 0,odata 000000000.d_cnt 0
wr_addr 0,odata 000000000.d_cnt 0
wr_addr 0,odata 000000000.d_cnt 0
wr_addr 0,odata 000000000.d_cnt 0
wr_addr 0,odata 000000000.d_cnt 0
wr_addr 0,odata 000000000.d_cnt 0
wr_addr 0,odata 100000009.d_cnt 5
wr_addr 0,odata 000000000.d_cnt 0
wr_addr 0,odata 000000000.d_cnt 0
wr_addr 0,odata 000000000.d_cnt 0
wr_addr 0,odata 000000000.d_cnt 0
wr_addr 0,odata 000000000.d_cnt 0
wr_addr 0,odata 000000000.d_cnt 0
wr_addr 0,odata 000000000.d_cnt 0
wr_addr 0,odata 000000000.d_cnt 0
wr_addr 0,odata 000000000.d_cnt 0
wr_addr 0,odata 100000009.d_cnt 5
wr_addr 0,odata 000000000.d_cnt 0
wr_addr 0,odata 000000000.d_cnt 0
wr_addr 0,odata 000000000.d_cnt 0
wr_addr 0,odata 000000000.d_cnt 0
wr_addr 0,odata 000000000.d_cnt 0
wr_addr 0,odata 000000000.d_cnt 0
wr_addr 0,odata 000000000.d_cnt 0
wr_addr 0,odata 000000000.d_cnt 0
wr_addr 0,odata 000000000.d_cnt 0
wr_addr 0,odata 100000009.d_cnt 5
wr_addr 0,odata 000000000.d_cnt 0
wr_addr 0,odata 000000000.d_cnt 0
wr_addr 0,odata 000000000.d_cnt 0
wr_addr 0,odata 000000000.d_cnt 0
wr_addr 0,odata 000000000.d_cnt 0
wr_addr 0,odata 000000000.d_cnt 0
wr_addr 0,odata 000000000.d_cnt 0
wr_addr 0,odata 000000000.d_cnt 0
wr_addr 0,odata 000000000.d_cnt 0
wr_addr 0,odata 100000009.d_cnt 5
wr_addr 0,odata 000000000.d_cnt 0
wr_addr 0,odata 000000000.d_cnt 0
wr_addr 0,odata 000000000.d_cnt 0
wr_addr 0,odata 000000000.d_cnt 0
wr_addr 0,odata 000000000.d_cnt 0
wr_addr 0,odata 000000000.d_cnt 0
wr_addr 0,odata 000000000.d_cnt 0
wr_addr 0,odata 000000000.d_cnt 0
wr_addr 0,odata 000000000.d_cnt 0
wr_addr 0,odata 100000009.d_cnt 5
wr_addr 0,odata 000000000.d_cnt 0
wr_addr 0,odata 000000000.d_cnt 0
wr_addr 0,odata 000000000.d_cnt 0
wr_addr 0,odata 000000000.d_cnt 0
wr_addr 0,odata 000000000.d_cnt 0
wr_addr 0,odata 000000000.d_cnt 0
wr_addr 0,odata 000000000.d_cnt 0
wr_addr 0,odata 000000000.d_cnt 0
wr_addr 0,odata 000000000.d_cnt 0
wr_addr 0,odata 100000009.d_cnt 5
wr_addr 0,odata 000000000.d_cnt 0
wr_addr 0,odata 000000000.d_cnt 0
wr_addr 0,odata 000000000.d_cnt 0
wr_addr 0,odata 000000000.d_cnt 0
wr_addr 0,odata 000000000.d_cnt 0
wr_addr 0,odata 000000000.d_cnt 0
wr_addr 0,odata 000000000.d_cnt 0
wr_addr 0,odata 000000000.d_cnt 0
wr_addr 0,odata 000000000.d_cnt 0
wr_addr 0,odata 100000009.d_cnt 5
wr_addr 0,odata 000000000.d_cnt 0
wr_addr 0,odata 000000000.d_cnt 0
wr_addr 0,odata 000000000.d_cnt 0
wr_addr 0,odata 000000000.d_cnt 0
wr_addr 0,odata 000000000.d_cnt 0
wr_addr 0,odata 000000000.d_cnt 0
wr_addr 0,odata 000000000.d_cnt 0
wr_addr 0,odata 000000000.d_cnt 0
wr_addr 0,odata 000000000.d_cnt 0
wr_addr 0,odata 100000009.d_cnt 5
wr_addr 0,odata 000000000.d_cnt 0
wr_addr 0,odata 000000000.d_cnt 0
wr_addr 0,odata 000000000.d_cnt 0
wr_addr 0,odata 000000000.d_cnt 0
wr_addr 0,odata 000000000.d_cnt 0
wr_addr 0,odata 000000000.d_cnt 0
wr_addr 0,odata 000000000.d_cnt 0
wr_addr 0,odata 000000000.d_cnt 0
wr_addr 0,odata 000000000.d_cnt 0
wr_addr 0,odata 100000009.d_cnt 5
wr_addr 0,odata 000000000.d_cnt 0
wr_addr 0,odata 000000000.d_cnt 0
wr_addr 0,odata 000000000.d_cnt 0
wr_addr 0,odata 000000000.d_cnt 0
wr_addr 0,odata 000000000.d_cnt 0
wr_addr 0,odata 000000000.d_cnt 0
wr_addr 0,odata 000000000.d_cnt 0
wr_addr 0,odata 000000000.d_cnt 0
wr_addr 0,odata 000000000.d_cnt 0
wr_addr 0,odata 100000009.d_cnt 5
wr_addr 0,odata 000000000.d_cnt 0
wr_addr 0,odata 000000000.d_cnt 0
wr_addr 0,odata 000000000.d_cnt 0
wr_addr 0,odata 000000000.d_cnt 0
wr_addr 0,odata 000000000.d_cnt 0
wr_addr 0,odata 000000000.d_cnt 0
wr_addr 0,odata 000000000.d_cnt 0
wr_addr 0,odata 000000000.d_cnt 0
wr_addr 0,odata 000000000.d_cnt 0
wr_addr 0,odata 100000009.d_cnt 5
wr_addr 0,odata 000000000.d_cnt 0
wr_addr 0,odata 000000000.d_cnt 0
wr_addr 0,odata 000000000.d_cnt 0
wr_addr 0,odata 000000000.d_cnt 0
wr_addr 0,odata 000000000.d_cnt 0
wr_addr 0,odata 000000000.d_cnt 0
wr_addr 0,odata 000000000.d_cnt 0
wr_addr 0,odata 000000000.d_cnt 0
wr_addr 0,odata 000000000.d_cnt 0
wr_addr 0,odata 100000009.d_cnt 5
wr_addr 0,odata 000000000.d_cnt 0
wr_addr 0,odata 000000000.d_cnt 0
wr_addr 0,odata 000000000.d_cnt 0
wr_addr 0,odata 000000000.d_cnt 0
wr_addr 0,odata 000000000.d_cnt 0
wr_addr 0,odata 000000000.d_cnt 0
wr_addr 0,odata 000000000.d_cnt 0
wr_addr 0,odata 000000000.d_cnt 0
wr_addr 0,odata 000000000.d_cnt 0
wr_addr 0,odata 100000009.d_cnt 5
wr_addr 0,odata 000000000.d_cnt 0
wr_addr 0,odata 000000000.d_cnt 0
wr_addr 0,odata 000000000.d_cnt 0
wr_addr 0,odata 000000000.d_cnt 0
wr_addr 0,odata 000000000.d_cnt 0
wr_addr 0,odata 000000000.d_cnt 0
wr_addr 0,odata 000000000.d_cnt 0
wr_addr 0,odata 000000000.d_cnt 0
wr_addr 0,odata 000000000.d_cnt 0
wr_addr 0,odata 100000009.d_cnt 5
wr_addr 0,odata 000000000.d_cnt 0
wr_addr 0,odata 000000000.d_cnt 0
wr_addr 0,odata 000000000.d_cnt 0
wr_addr 0,odata 000000000.d_cnt 0
wr_addr 0,odata 000000000.d_cnt 0
wr_addr 0,odata 000000000.d_cnt 0
wr_addr 0,odata 000000000.d_cnt 0
wr_addr 0,odata 000000000.d_cnt 0
wr_addr 0,odata 000000000.d_cnt 0
wr_addr 0,odata 100000009.d_cnt 5
wr_addr 0,odata 000000000.d_cnt 0
wr_addr 0,odata 000000000.d_cnt 0
wr_addr 0,odata 000000000.d_cnt 0
wr_addr 0,odata 000000000.d_cnt 0
wr_addr 0,odata 000000000.d_cnt 0
wr_addr 0,odata 000000000.d_cnt 0
wr_addr 0,odata 000000000.d_cnt 0
wr_addr 0,odata 000000000.d_cnt 0
wr_addr 0,odata 000000000.d_cnt 0
wr_addr 0,odata 100000009.d_cnt 5
wr_addr 0,odata 000000000.d_cnt 0
wr_addr 0,odata 000000000.d_cnt 0
wr_addr 0,odata 000000000.d_cnt 0
wr_addr 0,odata 000000000.d_cnt 0
wr_addr 0,odata 000000000.d_cnt 0
wr_addr 0,odata 000000000.d_cnt 0
wr_addr 0,odata 000000000.d_cnt 0
wr_addr 0,odata 000000000.d_cnt 0
wr_addr 0,odata 000000000.d_cnt 0
wr_addr 0,odata 100000009.d_cnt 5
wr_addr 0,odata 000000000.d_cnt 0
wr_addr 0,odata 000000000.d_cnt 0
wr_addr 0,odata 000000000.d_cnt 0
wr_addr 0,odata 000000000.d_cnt 0
wr_addr 0,odata 000000000.d_cnt 0
wr_addr 0,odata 000000000.d_cnt 0
wr_addr 0,odata 000000000.d_cnt 0
wr_addr 0,odata 000000000.d_cnt 0
wr_addr 0,odata 000000000.d_cnt 0
wr_addr 0,odata 100000009.d_cnt 5
wr_addr 0,odata 000000000.d_cnt 0
wr_addr 0,odata 000000000.d_cnt 0
wr_addr 0,odata 000000000.d_cnt 0
wr_addr 0,odata 000000000.d_cnt 0
wr_addr 0,odata 000000000.d_cnt 0
wr_addr 0,odata 000000000.d_cnt 0
wr_addr 0,odata 000000000.d_cnt 0
wr_addr 0,odata 000000000.d_cnt 0
wr_addr 0,odata 000000000.d_cnt 0
wr_addr 0,odata 100000009.d_cnt 5
wr_addr 0,odata 000000000.d_cnt 0
wr_addr 0,odata 000000000.d_cnt 0
wr_addr 0,odata 000000000.d_cnt 0
wr_addr 0,odata 000000000.d_cnt 0
wr_addr 0,odata 000000000.d_cnt 0
wr_addr 0,odata 000000000.d_cnt 0
wr_addr 0,odata 000000000.d_cnt 0
wr_addr 0,odata 000000000.d_cnt 0
wr_addr 0,odata 000000000.d_cnt 0
wr_addr 0,odata 100000009.d_cnt 5
wr_addr 0,odata 000000000.d_cnt 0
wr_addr 0,odata 000000000.d_cnt 0
wr_addr 0,odata 000000000.d_cnt 0
wr_addr 0,odata 000000000.d_cnt 0
wr_addr 0,odata 000000000.d_cnt 0
wr_addr 0,odata 000000000.d_cnt 0
wr_addr 0,odata 000000000.d_cnt 0
wr_addr 0,odata 000000000.d_cnt 0
wr_addr 0,odata 000000000.d_cnt 0
wr_addr 0,odata 100000009.d_cnt 5
wr_addr 0,odata 000000000.d_cnt 0
wr_addr 0,odata 000000000.d_cnt 0
wr_addr 0,odata 000000000.d_cnt 0
wr_addr 0,odata 000000000.d_cnt 0
wr_addr 0,odata 000000000.d_cnt 0
wr_addr 0,odata 000000000.d_cnt 0
wr_addr 0,odata 000000000.d_cnt 0
wr_addr 0,odata 000000000.d_cnt 0
wr_addr 0,odata 000000000.d_cnt 0
wr_addr 0,odata 100000009.d_cnt 5
wr_addr 0,odata 000000000.d_cnt 0
wr_addr 0,odata 000000000.d_cnt 0
wr_addr 0,odata 000000000.d_cnt 0
wr_addr 0,odata 000000000.d_cnt 0
wr_addr 0,odata 000000000.d_cnt 0
wr_addr 0,odata 000000000.d_cnt 0
wr_addr 0,odata 000000000.d_cnt 0
wr_addr 0,odata 000000000.d_cnt 0
wr_addr 0,odata 000000000.d_cnt 0
wr_addr 0,odata 100000009.d_cnt 5
wr_addr 0,odata 000000000.d_cnt 0
wr_addr 0,odata 000000000.d_cnt 0
wr_addr 0,odata 000000000.d_cnt 0
wr_addr 0,odata 000000000.d_cnt 0
wr_addr 0,odata 000000000.d_cnt 0
wr_addr 0,odata 000000000.d_cnt 0
wr_addr 0,odata 000000000.d_cnt 0
wr_addr 0,odata 000000000.d_cnt 0
wr_addr 0,odata 000000000.d_cnt 0
wr_addr 0,odata 100000009.d_cnt 5
wr_addr 0,odata 000000000.d_cnt 0
wr_addr 0,odata 000000000.d_cnt 0
wr_addr 0,odata 000000000.d_cnt 0
wr_addr 0,odata 000000000.d_cnt 0
wr_addr 0,odata 000000000.d_cnt 0
wr_addr 0,odata 000000000.d_cnt 0
wr_addr 0,odata 000000000.d_cnt 0
wr_addr 0,odata 000000000.d_cnt 0
wr_addr 0,odata 000000000.d_cnt 0
wr_addr 0,odata 100000009.d_cnt 5
wr_addr 0,odata 000000000.d_cnt 0
wr_addr 0,odata 000000000.d_cnt 0
wr_addr 0,odata 000000000.d_cnt 0
wr_addr 0,odata 000000000.d_cnt 0
wr_addr 0,odata 000000000.d_cnt 0
wr_addr 0,odata 000000000.d_cnt 0
wr_addr 0,odata 000000000.d_cnt 0
wr_addr 0,odata 000000000.d_cnt 0
wr_addr 0,odata 000000000.d_cnt 0
wr_addr 0,odata 100000009.d_cnt 5
wr_addr 0,odata 000000000.d_cnt 0
wr_addr 0,odata 000000000.d_cnt 0
wr_addr 0,odata 000000000.d_cnt 0
wr_addr 0,odata 000000000.d_cnt 0
wr_addr 0,odata 000000000.d_cnt 0
wr_addr 0,odata 000000000.d_cnt 0
wr_addr 0,odata 000000000.d_cnt 0
wr_addr 0,odata 000000000.d_cnt 0
wr_addr 0,odata 000000000.d_cnt 0
wr_addr 0,odata 100000009.d_cnt 5
wr_addr 0,odata 000000000.d_cnt 0
wr_addr 0,odata 000000000.d_cnt 0
wr_addr 0,odata 000000000.d_cnt 0
wr_addr 0,odata 000000000.d_cnt 0
wr_addr 0,odata 000000000.d_cnt 0
wr_addr 0,odata 000000000.d_cnt 0
wr_addr 0,odata 000000000.d_cnt 0
wr_addr 0,odata 000000000.d_cnt 0
wr_addr 0,odata 000000000.d_cnt 0
wr_addr 0,odata 100000009.d_cnt 5
wr_addr 0,odata 000000000.d_cnt 0
wr_addr 0,odata 000000000.d_cnt 0
wr_addr 0,odata 000000000.d_cnt 0
wr_addr 0,odata 000000000.d_cnt 0
wr_addr 0,odata 000000000.d_cnt 0
wr_addr 0,odata 000000000.d_cnt 0
wr_addr 0,odata 000000000.d_cnt 0
wr_addr 0,odata 000000000.d_cnt 0
wr_addr 0,odata 000000000.d_cnt 0
wr_addr 0,odata 100000009.d_cnt 5
wr_addr 0,odata 000000000.d_cnt 0
wr_addr 0,odata 000000000.d_cnt 0
wr_addr 0,odata 000000000.d_cnt 0
wr_addr 0,odata 000000000.d_cnt 0
wr_addr 0,odata 000000000.d_cnt 0
wr_addr 0,odata 000000000.d_cnt 0
wr_addr 0,odata 000000000.d_cnt 0
wr_addr 0,odata 000000000.d_cnt 0
wr_addr 0,odata 000000000.d_cnt 0
wr_addr 0,odata 100000009.d_cnt 5
wr_addr 0,odata 000000000.d_cnt 0
wr_addr 0,odata 000000000.d_cnt 0
wr_addr 0,odata 000000000.d_cnt 0
wr_addr 0,odata 000000000.d_cnt 0
wr_addr 0,odata 000000000.d_cnt 0
wr_addr 0,odata 000000000.d_cnt 0
wr_addr 0,odata 000000000.d_cnt 0
wr_addr 0,odata 000000000.d_cnt 0
wr_addr 0,odata 000000000.d_cnt 0
wr_addr 0,odata 100000009.d_cnt 5
wr_addr 0,odata 000000000.d_cnt 0
wr_addr 0,odata 000000000.d_cnt 0
wr_addr 0,odata 000000000.d_cnt 0
wr_addr 0,odata 000000000.d_cnt 0
wr_addr 0,odata 000000000.d_cnt 0
wr_addr 0,odata 000000000.d_cnt 0
wr_addr 0,odata 000000000.d_cnt 0
wr_addr 0,odata 000000000.d_cnt 0
wr_addr 0,odata 000000000.d_cnt 0
wr_addr 0,odata 100000009.d_cnt 5
wr_addr 0,odata 000000000.d_cnt 0
wr_addr 0,odata 000000000.d_cnt 0
wr_addr 0,odata 000000000.d_cnt 0
wr_addr 0,odata 000000000.d_cnt 0
wr_addr 0,odata 000000000.d_cnt 0
wr_addr 0,odata 000000000.d_cnt 0
wr_addr 0,odata 000000000.d_cnt 0
wr_addr 0,odata 000000000.d_cnt 0
wr_addr 0,odata 000000000.d_cnt 0
wr_addr 0,odata 100000009.d_cnt 5
wr_addr 0,odata 000000000.d_cnt 0
wr_addr 0,odata 000000000.d_cnt 0
wr_addr 0,odata 000000000.d_cnt 0
wr_addr 0,odata 000000000.d_cnt 0
wr_addr 0,odata 000000000.d_cnt 0
wr_addr 0,odata 000000000.d_cnt 0
wr_addr 0,odata 000000000.d_cnt 0
wr_addr 0,odata 000000000.d_cnt 0
wr_addr 0,odata 000000000.d_cnt 0
wr_addr 0,odata 100000009.d_cnt 5
wr_addr 0,odata 000000000.d_cnt 0
wr_addr 0,odata 000000000.d_cnt 0
wr_addr 0,odata 000000000.d_cnt 0
wr_addr 0,odata 000000000.d_cnt 0
wr_addr 0,odata 000000000.d_cnt 0
wr_addr 0,odata 000000000.d_cnt 0
wr_addr 0,odata 000000000.d_cnt 0
wr_addr 0,odata 000000000.d_cnt 0
wr_addr 0,odata 000000000.d_cnt 0
wr_addr 0,odata 100000009.d_cnt 5
wr_addr 0,odata 000000000.d_cnt 0
wr_addr 0,odata 000000000.d_cnt 0
wr_addr 0,odata 000000000.d_cnt 0
wr_addr 0,odata 000000000.d_cnt 0
wr_addr 0,odata 000000000.d_cnt 0
wr_addr 0,odata 000000000.d_cnt 0
wr_addr 0,odata 000000000.d_cnt 0
wr_addr 0,odata 000000000.d_cnt 0
wr_addr 0,odata 000000000.d_cnt 0
wr_addr 0,odata 100000009.d_cnt 5
wr_addr 0,odata 000000000.d_cnt 0
wr_addr 0,odata 000000000.d_cnt 0
wr_addr 0,odata 000000000.d_cnt 0
wr_addr 0,odata 000000000.d_cnt 0
wr_addr 0,odata 000000000.d_cnt 0
wr_addr 0,odata 000000000.d_cnt 0
wr_addr 0,odata 000000000.d_cnt 0
wr_addr 0,odata 000000000.d_cnt 0
wr_addr 0,odata 000000000.d_cnt 0
wr_addr 0,odata 100000009.d_cnt 5
wr_addr 0,odata 000000000.d_cnt 0
wr_addr 0,odata 000000000.d_cnt 0
wr_addr 0,odata 000000000.d_cnt 0
wr_addr 0,odata 000000000.d_cnt 0
wr_addr 0,odata 000000000.d_cnt 0
wr_addr 0,odata 000000000.d_cnt 0
wr_addr 0,odata 000000000.d_cnt 0
wr_addr 0,odata 000000000.d_cnt 0
wr_addr 0,odata 000000000.d_cnt 0
wr_addr 0,odata 100000009.d_cnt 5
wr_addr 0,odata 000000000.d_cnt 0
wr_addr 0,odata 000000000.d_cnt 0
wr_addr 0,odata 000000000.d_cnt 0
wr_addr 0,odata 000000000.d_cnt 0
wr_addr 0,odata 000000000.d_cnt 0
wr_addr 0,odata 000000000.d_cnt 0
wr_addr 0,odata 000000000.d_cnt 0
wr_addr 0,odata 000000000.d_cnt 0
wr_addr 0,odata 000000000.d_cnt 0
wr_addr 0,odata 100000009.d_cnt 5
wr_addr 0,odata 000000000.d_cnt 0
wr_addr 0,odata 000000000.d_cnt 0
wr_addr 0,odata 000000000.d_cnt 0
wr_addr 0,odata 000000000.d_cnt 0
wr_addr 0,odata 000000000.d_cnt 0
wr_addr 0,odata 000000000.d_cnt 0
wr_addr 0,odata 000000000.d_cnt 0
wr_addr 0,odata 000000000.d_cnt 0
wr_addr 0,odata 000000000.d_cnt 0
wr_addr 0,odata 100000009.d_cnt 5
wr_addr 0,odata 000000000.d_cnt 0
wr_addr 0,odata 000000000.d_cnt 0
wr_addr 0,odata 000000000.d_cnt 0
wr_addr 0,odata 000000000.d_cnt 0
wr_addr 0,odata 000000000.d_cnt 0
wr_addr 0,odata 000000000.d_cnt 0
wr_addr 0,odata 000000000.d_cnt 0
wr_addr 0,odata 000000000.d_cnt 0
wr_addr 0,odata 000000000.d_cnt 0
wr_addr 0,odata 100000009.d_cnt 5
wr_addr 0,odata 000000000.d_cnt 0
wr_addr 0,odata 000000000.d_cnt 0
wr_addr 0,odata 000000000.d_cnt 0
wr_addr 0,odata 000000000.d_cnt 0
wr_addr 0,odata 000000000.d_cnt 0
wr_addr 0,odata 000000000.d_cnt 0
wr_addr 0,odata 000000000.d_cnt 0
wr_addr 0,odata 000000000.d_cnt 0
wr_addr 0,odata 000000000.d_cnt 0
wr_addr 0,odata 100000009.d_cnt 5
wr_addr 0,odata 000000000.d_cnt 0
wr_addr 0,odata 000000000.d_cnt 0
wr_addr 0,odata 000000000.d_cnt 0
wr_addr 0,odata 000000000.d_cnt 0
wr_addr 0,odata 000000000.d_cnt 0
wr_addr 0,odata 000000000.d_cnt 0
wr_addr 0,odata 000000000.d_cnt 0
wr_addr 0,odata 000000000.d_cnt 0
wr_addr 0,odata 000000000.d_cnt 0
wr_addr 0,odata 100000009.d_cnt 5
wr_addr 0,odata 000000000.d_cnt 0
wr_addr 0,odata 000000000.d_cnt 0
wr_addr 0,odata 000000000.d_cnt 0
wr_addr 0,odata 000000000.d_cnt 0
wr_addr 0,odata 000000000.d_cnt 0
wr_addr 0,odata 000000000.d_cnt 0
wr_addr 0,odata 000000000.d_cnt 0
wr_addr 0,odata 000000000.d_cnt 0
wr_addr 0,odata 000000000.d_cnt 0
wr_addr 0,odata 100000009.d_cnt 5
wr_addr 0,odata 000000000.d_cnt 0
wr_addr 0,odata 000000000.d_cnt 0
wr_addr 0,odata 000000000.d_cnt 0
wr_addr 0,odata 000000000.d_cnt 0
wr_addr 0,odata 000000000.d_cnt 0
wr_addr 0,odata 000000000.d_cnt 0
wr_addr 0,odata 000000000.d_cnt 0
wr_addr 0,odata 000000000.d_cnt 0
wr_addr 0,odata 000000000.d_cnt 0
wr_addr 0,odata 100000009.d_cnt 5
wr_addr 0,odata 000000000.d_cnt 0
wr_addr 0,odata 000000000.d_cnt 0
wr_addr 0,odata 000000000.d_cnt 0
wr_addr 0,odata 000000000.d_cnt 0
wr_addr 0,odata 000000000.d_cnt 0
wr_addr 0,odata 000000000.d_cnt 0
wr_addr 0,odata 000000000.d_cnt 0
wr_addr 0,odata 000000000.d_cnt 0
wr_addr 0,odata 000000000.d_cnt 0
wr_addr 0,odata 100000009.d_cnt 5
wr_addr 0,odata 000000000.d_cnt 0
wr_addr 0,odata 000000000.d_cnt 0
wr_addr 0,odata 000000000.d_cnt 0
wr_addr 0,odata 000000000.d_cnt 0
wr_addr 0,odata 000000000.d_cnt 0
wr_addr 0,odata 000000000.d_cnt 0
wr_addr 0,odata 000000000.d_cnt 0
wr_addr 0,odata 000000000.d_cnt 0
wr_addr 0,odata 000000000.d_cnt 0
wr_addr 0,odata 100000009.d_cnt 5
wr_addr 0,odata 000000000.d_cnt 0
wr_addr 0,odata 000000000.d_cnt 0
wr_addr 0,odata 000000000.d_cnt 0
wr_addr 0,odata 000000000.d_cnt 0
wr_addr 0,odata 000000000.d_cnt 0
wr_addr 0,odata 000000000.d_cnt 0
wr_addr 0,odata 000000000.d_cnt 0
wr_addr 0,odata 000000000.d_cnt 0
wr_addr 0,odata 000000000.d_cnt 0
wr_addr 0,odata 100000009.d_cnt 5
wr_addr 0,odata 000000000.d_cnt 0
wr_addr 0,odata 000000000.d_cnt 0
wr_addr 0,odata 000000000.d_cnt 0
wr_addr 0,odata 000000000.d_cnt 0
wr_addr 0,odata 000000000.d_cnt 0
wr_addr 0,odata 000000000.d_cnt 0
wr_addr 0,odata 000000000.d_cnt 0
wr_addr 0,odata 000000000.d_cnt 0
wr_addr 0,odata 000000000.d_cnt 0
wr_addr 0,odata 100000009.d_cnt 5
wr_addr 0,odata 000000000.d_cnt 0
wr_addr 0,odata 000000000.d_cnt 0
wr_addr 0,odata 000000000.d_cnt 0
wr_addr 0,odata 000000000.d_cnt 0
wr_addr 0,odata 000000000.d_cnt 0
wr_addr 0,odata 000000000.d_cnt 0
wr_addr 0,odata 000000000.d_cnt 0
wr_addr 0,odata 000000000.d_cnt 0
wr_addr 0,odata 000000000.d_cnt 0
wr_addr 0,odata 100000009.d_cnt 5
wr_addr 0,odata 000000000.d_cnt 0
wr_addr 0,odata 000000000.d_cnt 0
wr_addr 0,odata 000000000.d_cnt 0
wr_addr 0,odata 000000000.d_cnt 0
wr_addr 0,odata 000000000.d_cnt 0
wr_addr 0,odata 000000000.d_cnt 0
wr_addr 0,odata 000000000.d_cnt 0
wr_addr 0,odata 000000000.d_cnt 0
wr_addr 0,odata 000000000.d_cnt 0
wr_addr 0,odata 100000009.d_cnt 5
wr_addr 0,odata 000000000.d_cnt 0
wr_addr 0,odata 000000000.d_cnt 0
wr_addr 0,odata 000000000.d_cnt 0
wr_addr 0,odata 000000000.d_cnt 0
wr_addr 0,odata 000000000.d_cnt 0
wr_addr 0,odata 000000000.d_cnt 0
wr_addr 0,odata 000000000.d_cnt 0
wr_addr 0,odata 000000000.d_cnt 0
wr_addr 0,odata 000000000.d_cnt 0
wr_addr 0,odata 100000009.d_cnt 5
wr_addr 0,odata 000000000.d_cnt 0
wr_addr 0,odata 000000000.d_cnt 0
wr_addr 0,odata 000000000.d_cnt 0
wr_addr 0,odata 000000000.d_cnt 0
wr_addr 0,odata 000000000.d_cnt 0
wr_addr 0,odata 000000000.d_cnt 0
wr_addr 0,odata 000000000.d_cnt 0
wr_addr 0,odata 000000000.d_cnt 0
wr_addr 0,odata 000000000.d_cnt 0
wr_addr 0,odata 100000009.d_cnt 5
wr_addr 0,odata 000000000.d_cnt 0
wr_addr 0,odata 000000000.d_cnt 0
wr_addr 0,odata 000000000.d_cnt 0
wr_addr 0,odata 000000000.d_cnt 0
wr_addr 0,odata 000000000.d_cnt 0
wr_addr 0,odata 000000000.d_cnt 0
wr_addr 0,odata 000000000.d_cnt 0
wr_addr 0,odata 000000000.d_cnt 0
wr_addr 0,odata 000000000.d_cnt 0
wr_addr 0,odata 100000009.d_cnt 5
wr_addr 0,odata 000000000.d_cnt 0
wr_addr 0,odata 000000000.d_cnt 0
wr_addr 0,odata 000000000.d_cnt 0
wr_addr 0,odata 000000000.d_cnt 0
wr_addr 0,odata 000000000.d_cnt 0
wr_addr 0,odata 000000000.d_cnt 0
wr_addr 0,odata 000000000.d_cnt 0
wr_addr 0,odata 000000000.d_cnt 0
wr_addr 0,odata 000000000.d_cnt 0
wr_addr 0,odata 100000009.d_cnt 5
wr_addr 0,odata 000000000.d_cnt 0
wr_addr 0,odata 000000000.d_cnt 0
wr_addr 0,odata 000000000.d_cnt 0
wr_addr 0,odata 000000000.d_cnt 0
wr_addr 0,odata 000000000.d_cnt 0
wr_addr 0,odata 000000000.d_cnt 0
wr_addr 0,odata 000000000.d_cnt 0
wr_addr 0,odata 000000000.d_cnt 0
wr_addr 0,odata 000000000.d_cnt 0
wr_addr 0,odata 100000009.d_cnt 5
wr_addr 0,odata 000000000.d_cnt 0
wr_addr 0,odata 000000000.d_cnt 0
wr_addr 0,odata 000000000.d_cnt 0
wr_addr 0,odata 000000000.d_cnt 0
wr_addr 0,odata 000000000.d_cnt 0
wr_addr 0,odata 000000000.d_cnt 0
wr_addr 0,odata 000000000.d_cnt 0
wr_addr 0,odata 000000000.d_cnt 0
wr_addr 0,odata 000000000.d_cnt 0
wr_addr 0,odata 100000009.d_cnt 5
wr_addr 0,odata 000000000.d_cnt 0
wr_addr 0,odata 000000000.d_cnt 0
wr_addr 0,odata 000000000.d_cnt 0
wr_addr 0,odata 000000000.d_cnt 0
wr_addr 0,odata 000000000.d_cnt 0
wr_addr 0,odata 000000000.d_cnt 0
wr_addr 0,odata 000000000.d_cnt 0
wr_addr 0,odata 000000000.d_cnt 0
wr_addr 0,odata 000000000.d_cnt 0
wr_addr 0,odata 100000009.d_cnt 5
wr_addr 0,odata 000000000.d_cnt 0
wr_addr 0,odata 000000000.d_cnt 0
wr_addr 0,odata 000000000.d_cnt 0
wr_addr 0,odata 000000000.d_cnt 0
wr_addr 0,odata 000000000.d_cnt 0
wr_addr 0,odata 000000000.d_cnt 0
wr_addr 0,odata 000000000.d_cnt 0
wr_addr 0,odata 000000000.d_cnt 0
wr_addr 0,odata 000000000.d_cnt 0
wr_addr 0,odata 100000009.d_cnt 5
wr_addr 0,odata 000000000.d_cnt 0
wr_addr 0,odata 000000000.d_cnt 0
wr_addr 0,odata 000000000.d_cnt 0
wr_addr 0,odata 000000000.d_cnt 0
wr_addr 0,odata 000000000.d_cnt 0
wr_addr 0,odata 000000000.d_cnt 0
wr_addr 0,odata 000000000.d_cnt 0
wr_addr 0,odata 000000000.d_cnt 0
wr_addr 0,odata 000000000.d_cnt 0
wr_addr 0,odata 100000009.d_cnt 5
wr_addr 0,odata 000000000.d_cnt 0
wr_addr 0,odata 000000000.d_cnt 0
wr_addr 0,odata 000000000.d_cnt 0
wr_addr 0,odata 000000000.d_cnt 0
wr_addr 0,odata 000000000.d_cnt 0
wr_addr 0,odata 000000000.d_cnt 0
wr_addr 0,odata 000000000.d_cnt 0
wr_addr 0,odata 000000000.d_cnt 0
wr_addr 0,odata 000000000.d_cnt 0
wr_addr 0,odata 100000009.d_cnt 5
wr_addr 0,odata 000000000.d_cnt 0
wr_addr 0,odata 000000000.d_cnt 0
wr_addr 0,odata 000000000.d_cnt 0
wr_addr 0,odata 000000000.d_cnt 0
wr_addr 0,odata 000000000.d_cnt 0
wr_addr 0,odata 000000000.d_cnt 0
wr_addr 0,odata 000000000.d_cnt 0
wr_addr 0,odata 000000000.d_cnt 0
wr_addr 0,odata 000000000.d_cnt 0
wr_addr 0,odata 100000009.d_cnt 5
wr_addr 0,odata 000000000.d_cnt 0
wr_addr 0,odata 000000000.d_cnt 0
wr_addr 0,odata 000000000.d_cnt 0
wr_addr 0,odata 000000000.d_cnt 0
wr_addr 0,odata 000000000.d_cnt 0
wr_addr 0,odata 000000000.d_cnt 0
wr_addr 0,odata 000000000.d_cnt 0
wr_addr 0,odata 000000000.d_cnt 0
wr_addr 0,odata 000000000.d_cnt 0
wr_addr 0,odata 100000009.d_cnt 5
wr_addr 0,odata 000000000.d_cnt 0
wr_addr 0,odata 000000000.d_cnt 0
wr_addr 0,odata 000000000.d_cnt 0
wr_addr 0,odata 000000000.d_cnt 0
wr_addr 0,odata 000000000.d_cnt 0
wr_addr 0,odata 000000000.d_cnt 0
wr_addr 0,odata 000000000.d_cnt 0
wr_addr 0,odata 000000000.d_cnt 0
wr_addr 0,odata 000000000.d_cnt 0
wr_addr 0,odata 100000009.d_cnt 5
wr_addr 0,odata 000000000.d_cnt 0
wr_addr 0,odata 000000000.d_cnt 0
wr_addr 0,odata 000000000.d_cnt 0
wr_addr 0,odata 000000000.d_cnt 0
wr_addr 0,odata 000000000.d_cnt 0
wr_addr 0,odata 000000000.d_cnt 0
wr_addr 0,odata 000000000.d_cnt 0
wr_addr 0,odata 000000000.d_cnt 0
wr_addr 0,odata 000000000.d_cnt 0
wr_addr 0,odata 100000009.d_cnt 5
wr_addr 0,odata 000000000.d_cnt 0
wr_addr 0,odata 000000000.d_cnt 0
wr_addr 0,odata 000000000.d_cnt 0
wr_addr 0,odata 000000000.d_cnt 0
wr_addr 0,odata 000000000.d_cnt 0
wr_addr 0,odata 000000000.d_cnt 0
wr_addr 0,odata 000000000.d_cnt 0
wr_addr 0,odata 000000000.d_cnt 0
wr_addr 0,odata 000000000.d_cnt 0
wr_addr 0,odata 100000009.d_cnt 5
wr_addr 0,odata 000000000.d_cnt 0
wr_addr 0,odata 000000000.d_cnt 0
wr_addr 0,odata 000000000.d_cnt 0
wr_addr 0,odata 000000000.d_cnt 0
wr_addr 0,odata 000000000.d_cnt 0
wr_addr 0,odata 000000000.d_cnt 0
wr_addr 0,odata 000000000.d_cnt 0
wr_addr 0,odata 000000000.d_cnt 0
wr_addr 0,odata 000000000.d_cnt 0
wr_addr 0,odata 100000009.d_cnt 5
wr_addr 0,odata 000000000.d_cnt 0
wr_addr 0,odata 000000000.d_cnt 0
wr_addr 0,odata 000000000.d_cnt 0
wr_addr 0,odata 000000000.d_cnt 0
wr_addr 0,odata 000000000.d_cnt 0
wr_addr 0,odata 000000000.d_cnt 0
wr_addr 0,odata 000000000.d_cnt 0
wr_addr 0,odata 000000000.d_cnt 0
wr_addr 0,odata 000000000.d_cnt 0
wr_addr 0,odata 100000009.d_cnt 5
wr_addr 0,odata 000000000.d_cnt 0
wr_addr 0,odata 000000000.d_cnt 0
wr_addr 0,odata 000000000.d_cnt 0
wr_addr 0,odata 000000000.d_cnt 0
wr_addr 0,odata 000000000.d_cnt 0
wr_addr 0,odata 000000000.d_cnt 0
wr_addr 0,odata 000000000.d_cnt 0
wr_addr 0,odata 000000000.d_cnt 0
wr_addr 0,odata 000000000.d_cnt 0
wr_addr 0,odata 100000009.d_cnt 5
wr_addr 0,odata 000000000.d_cnt 0
wr_addr 0,odata 000000000.d_cnt 0
wr_addr 0,odata 000000000.d_cnt 0
wr_addr 0,odata 000000000.d_cnt 0
wr_addr 0,odata 000000000.d_cnt 0
wr_addr 0,odata 000000000.d_cnt 0
wr_addr 0,odata 000000000.d_cnt 0
wr_addr 0,odata 000000000.d_cnt 0
wr_addr 0,odata 000000000.d_cnt 0
wr_addr 0,odata 100000009.d_cnt 5
wr_addr 0,odata 000000000.d_cnt 0
wr_addr 0,odata 000000000.d_cnt 0
wr_addr 0,odata 000000000.d_cnt 0
wr_addr 0,odata 000000000.d_cnt 0
wr_addr 0,odata 000000000.d_cnt 0
wr_addr 0,odata 000000000.d_cnt 0
wr_addr 0,odata 000000000.d_cnt 0
wr_addr 0,odata 000000000.d_cnt 0
wr_addr 0,odata 000000000.d_cnt 0
wr_addr 0,odata 100000009.d_cnt 5
wr_addr 0,odata 000000000.d_cnt 0
wr_addr 0,odata 000000000.d_cnt 0
wr_addr 0,odata 000000000.d_cnt 0
wr_addr 0,odata 000000000.d_cnt 0
wr_addr 0,odata 000000000.d_cnt 0
wr_addr 0,odata 000000000.d_cnt 0
wr_addr 0,odata 000000000.d_cnt 0
wr_addr 0,odata 000000000.d_cnt 0
wr_addr 0,odata 000000000.d_cnt 0
wr_addr 0,odata 100000009.d_cnt 5
wr_addr 0,odata 000000000.d_cnt 0
wr_addr 0,odata 000000000.d_cnt 0
wr_addr 0,odata 000000000.d_cnt 0
wr_addr 0,odata 000000000.d_cnt 0
wr_addr 0,odata 000000000.d_cnt 0
wr_addr 0,odata 000000000.d_cnt 0
wr_addr 0,odata 000000000.d_cnt 0
wr_addr 0,odata 000000000.d_cnt 0
wr_addr 0,odata 000000000.d_cnt 0
wr_addr 0,odata 100000009.d_cnt 5
wr_addr 0,odata 000000000.d_cnt 0
wr_addr 0,odata 000000000.d_cnt 0
wr_addr 0,odata 000000000.d_cnt 0
wr_addr 0,odata 000000000.d_cnt 0
wr_addr 0,odata 000000000.d_cnt 0
wr_addr 0,odata 000000000.d_cnt 0
wr_addr 0,odata 000000000.d_cnt 0
wr_addr 0,odata 000000000.d_cnt 0
wr_addr 0,odata 000000000.d_cnt 0
wr_addr 0,odata 100000009.d_cnt 5
wr_addr 0,odata 000000000.d_cnt 0
wr_addr 0,odata 000000000.d_cnt 0
wr_addr 0,odata 000000000.d_cnt 0
wr_addr 0,odata 000000000.d_cnt 0
wr_addr 0,odata 000000000.d_cnt 0
wr_addr 0,odata 000000000.d_cnt 0
wr_addr 0,odata 000000000.d_cnt 0
wr_addr 0,odata 000000000.d_cnt 0
wr_addr 0,odata 000000000.d_cnt 0
wr_addr 0,odata 100000009.d_cnt 5
wr_addr 0,odata 000000000.d_cnt 0
wr_addr 0,odata 000000000.d_cnt 0
wr_addr 0,odata 000000000.d_cnt 0
wr_addr 0,odata 000000000.d_cnt 0
wr_addr 0,odata 000000000.d_cnt 0
wr_addr 0,odata 000000000.d_cnt 0
wr_addr 0,odata 000000000.d_cnt 0
wr_addr 0,odata 000000000.d_cnt 0
wr_addr 0,odata 000000000.d_cnt 0
wr_addr 0,odata 100000009.d_cnt 5
wr_addr 0,odata 000000000.d_cnt 0
wr_addr 0,odata 000000000.d_cnt 0
wr_addr 0,odata 000000000.d_cnt 0
wr_addr 0,odata 000000000.d_cnt 0
wr_addr 0,odata 000000000.d_cnt 0
wr_addr 0,odata 000000000.d_cnt 0
wr_addr 0,odata 000000000.d_cnt 0
wr_addr 0,odata 000000000.d_cnt 0
wr_addr 0,odata 000000000.d_cnt 0
wr_addr 0,odata 100000009.d_cnt 5
wr_addr 0,odata 000000000.d_cnt 0
wr_addr 0,odata 000000000.d_cnt 0
wr_addr 0,odata 000000000.d_cnt 0
wr_addr 0,odata 000000000.d_cnt 0
wr_addr 0,odata 000000000.d_cnt 0
wr_addr 0,odata 000000000.d_cnt 0
wr_addr 0,odata 000000000.d_cnt 0
wr_addr 0,odata 000000000.d_cnt 0
wr_addr 0,odata 000000000.d_cnt 0
wr_addr 0,odata 100000009.d_cnt 5
wr_addr 0,odata 000000000.d_cnt 0
wr_addr 0,odata 000000000.d_cnt 0
wr_addr 0,odata 000000000.d_cnt 0
wr_addr 0,odata 000000000.d_cnt 0
wr_addr 0,odata 000000000.d_cnt 0
wr_addr 0,odata 000000000.d_cnt 0
wr_addr 0,odata 000000000.d_cnt 0
wr_addr 0,odata 000000000.d_cnt 0
wr_addr 0,odata 000000000.d_cnt 0
wr_addr 0,odata 100000009.d_cnt 5
wr_addr 0,odata 000000000.d_cnt 0
wr_addr 0,odata 000000000.d_cnt 0
wr_addr 0,odata 000000000.d_cnt 0
wr_addr 0,odata 000000000.d_cnt 0
wr_addr 0,odata 000000000.d_cnt 0
wr_addr 0,odata 000000000.d_cnt 0
wr_addr 0,odata 000000000.d_cnt 0
wr_addr 0,odata 000000000.d_cnt 0
wr_addr 0,odata 000000000.d_cnt 0
wr_addr 0,odata 100000009.d_cnt 5
wr_addr 0,odata 000000000.d_cnt 0
wr_addr 0,odata 000000000.d_cnt 0
wr_addr 0,odata 000000000.d_cnt 0
wr_addr 0,odata 000000000.d_cnt 0
wr_addr 0,odata 000000000.d_cnt 0
wr_addr 0,odata 000000000.d_cnt 0
wr_addr 0,odata 000000000.d_cnt 0
wr_addr 0,odata 000000000.d_cnt 0
wr_addr 0,odata 000000000.d_cnt 0
wr_addr 0,odata 100000009.d_cnt 5
wr_addr 0,odata 000000000.d_cnt 0
wr_addr 0,odata 000000000.d_cnt 0
wr_addr 0,odata 000000000.d_cnt 0
wr_addr 0,odata 000000000.d_cnt 0
wr_addr 0,odata 000000000.d_cnt 0
wr_addr 0,odata 000000000.d_cnt 0
wr_addr 0,odata 000000000.d_cnt 0
wr_addr 0,odata 000000000.d_cnt 0
wr_addr 0,odata 000000000.d_cnt 0
wr_addr 0,odata 100000009.d_cnt 5
wr_addr 0,odata 000000000.d_cnt 0
wr_addr 0,odata 000000000.d_cnt 0
wr_addr 0,odata 000000000.d_cnt 0
wr_addr 0,odata 000000000.d_cnt 0
wr_addr 0,odata 000000000.d_cnt 0
wr_addr 0,odata 000000000.d_cnt 0
wr_addr 0,odata 000000000.d_cnt 0
wr_addr 0,odata 000000000.d_cnt 0
wr_addr 0,odata 000000000.d_cnt 0
wr_addr 0,odata 100000009.d_cnt 5
wr_addr 0,odata 000000000.d_cnt 0
wr_addr 0,odata 000000000.d_cnt 0
wr_addr 0,odata 000000000.d_cnt 0
wr_addr 0,odata 000000000.d_cnt 0
wr_addr 0,odata 000000000.d_cnt 0
wr_addr 0,odata 000000000.d_cnt 0
wr_addr 0,odata 000000000.d_cnt 0
wr_addr 0,odata 000000000.d_cnt 0
wr_addr 0,odata 000000000.d_cnt 0
wr_addr 0,odata 100000009.d_cnt 5
wr_addr 0,odata 000000000.d_cnt 0
wr_addr 0,odata 000000000.d_cnt 0
wr_addr 0,odata 000000000.d_cnt 0
wr_addr 0,odata 000000000.d_cnt 0
wr_addr 0,odata 000000000.d_cnt 0
wr_addr 0,odata 000000000.d_cnt 0
wr_addr 0,odata 000000000.d_cnt 0
wr_addr 0,odata 000000000.d_cnt 0
wr_addr 0,odata 000000000.d_cnt 0
wr_addr 0,odata 100000009.d_cnt 5
wr_addr 0,odata 000000000.d_cnt 0
wr_addr 0,odata 000000000.d_cnt 0
wr_addr 0,odata 000000000.d_cnt 0
wr_addr 0,odata 000000000.d_cnt 0
wr_addr 0,odata 000000000.d_cnt 0
wr_addr 0,odata 000000000.d_cnt 0
wr_addr 0,odata 000000000.d_cnt 0
wr_addr 0,odata 000000000.d_cnt 0
wr_addr 0,odata 000000000.d_cnt 0
wr_addr 0,odata 100000009.d_cnt 5
wr_addr 0,odata 000000000.d_cnt 0
wr_addr 0,odata 000000000.d_cnt 0
wr_addr 0,odata 000000000.d_cnt 0
wr_addr 0,odata 000000000.d_cnt 0
wr_addr 0,odata 000000000.d_cnt 0
wr_addr 0,odata 000000000.d_cnt 0
wr_addr 0,odata 000000000.d_cnt 0
wr_addr 0,odata 000000000.d_cnt 0
wr_addr 0,odata 000000000.d_cnt 0
wr_addr 0,odata 100000009.d_cnt 5
wr_addr 0,odata 000000000.d_cnt 0
wr_addr 0,odata 000000000.d_cnt 0
wr_addr 0,odata 000000000.d_cnt 0
wr_addr 0,odata 000000000.d_cnt 0
wr_addr 0,odata 000000000.d_cnt 0
wr_addr 0,odata 000000000.d_cnt 0
wr_addr 0,odata 000000000.d_cnt 0
wr_addr 0,odata 000000000.d_cnt 0
wr_addr 0,odata 000000000.d_cnt 0
wr_addr 0,odata 100000009.d_cnt 5
wr_addr 0,odata 000000000.d_cnt 0
wr_addr 0,odata 000000000.d_cnt 0
wr_addr 0,odata 000000000.d_cnt 0
wr_addr 0,odata 000000000.d_cnt 0
wr_addr 0,odata 000000000.d_cnt 0
wr_addr 0,odata 000000000.d_cnt 0
wr_addr 0,odata 000000000.d_cnt 0
wr_addr 0,odata 000000000.d_cnt 0
wr_addr 0,odata 000000000.d_cnt 0
wr_addr 0,odata 100000009.d_cnt 5
wr_addr 0,odata 000000000.d_cnt 0
wr_addr 0,odata 000000000.d_cnt 0
wr_addr 0,odata 000000000.d_cnt 0
wr_addr 0,odata 000000000.d_cnt 0
wr_addr 0,odata 000000000.d_cnt 0
wr_addr 0,odata 000000000.d_cnt 0
wr_addr 0,odata 000000000.d_cnt 0
wr_addr 0,odata 000000000.d_cnt 0
wr_addr 0,odata 000000000.d_cnt 0
wr_addr 0,odata 100000009.d_cnt 5
wr_addr 0,odata 000000000.d_cnt 0
wr_addr 0,odata 000000000.d_cnt 0
wr_addr 0,odata 000000000.d_cnt 0
wr_addr 0,odata 000000000.d_cnt 0
wr_addr 0,odata 000000000.d_cnt 0
wr_addr 0,odata 000000000.d_cnt 0
wr_addr 0,odata 000000000.d_cnt 0
wr_addr 0,odata 000000000.d_cnt 0
wr_addr 0,odata 000000000.d_cnt 0
wr_addr 0,odata 100000009.d_cnt 5
wr_addr 0,odata 000000000.d_cnt 0
wr_addr 0,odata 000000000.d_cnt 0
wr_addr 0,odata 000000000.d_cnt 0
wr_addr 0,odata 000000000.d_cnt 0
wr_addr 0,odata 000000000.d_cnt 0
wr_addr 0,odata 000000000.d_cnt 0
wr_addr 0,odata 000000000.d_cnt 0
wr_addr 0,odata 000000000.d_cnt 0
wr_addr 0,odata 000000000.d_cnt 0
wr_addr 0,odata 100000009.d_cnt 5
wr_addr 0,odata 000000000.d_cnt 0
wr_addr 0,odata 000000000.d_cnt 0
wr_addr 0,odata 000000000.d_cnt 0
wr_addr 0,odata 000000000.d_cnt 0
wr_addr 0,odata 000000000.d_cnt 0
wr_addr 0,odata 000000000.d_cnt 0
wr_addr 0,odata 000000000.d_cnt 0
wr_addr 0,odata 000000000.d_cnt 0
wr_addr 0,odata 000000000.d_cnt 0
wr_addr 0,odata 100000009.d_cnt 5
wr_addr 0,odata 000000000.d_cnt 0
wr_addr 0,odata 000000000.d_cnt 0
wr_addr 0,odata 000000000.d_cnt 0
wr_addr 0,odata 000000000.d_cnt 0
wr_addr 0,odata 000000000.d_cnt 0
wr_addr 0,odata 000000000.d_cnt 0
wr_addr 0,odata 000000000.d_cnt 0
wr_addr 0,odata 000000000.d_cnt 0
wr_addr 0,odata 000000000.d_cnt 0
wr_addr 0,odata 100000009.d_cnt 5
wr_addr 0,odata 000000000.d_cnt 0
wr_addr 0,odata 000000000.d_cnt 0
wr_addr 0,odata 000000000.d_cnt 0
wr_addr 0,odata 000000000.d_cnt 0
wr_addr 0,odata 000000000.d_cnt 0
wr_addr 0,odata 000000000.d_cnt 0
wr_addr 0,odata 000000000.d_cnt 0
wr_addr 0,odata 000000000.d_cnt 0
wr_addr 0,odata 000000000.d_cnt 0
wr_addr 0,odata 100000009.d_cnt 5
wr_addr 0,odata 000000000.d_cnt 0
wr_addr 0,odata 000000000.d_cnt 0
wr_addr 0,odata 000000000.d_cnt 0
wr_addr 0,odata 000000000.d_cnt 0
wr_addr 0,odata 000000000.d_cnt 0
wr_addr 0,odata 000000000.d_cnt 0
wr_addr 0,odata 000000000.d_cnt 0
wr_addr 0,odata 000000000.d_cnt 0
wr_addr 0,odata 000000000.d_cnt 0
wr_addr 0,odata 100000009.d_cnt 5
wr_addr 0,odata 000000000.d_cnt 0
wr_addr 0,odata 000000000.d_cnt 0
wr_addr 0,odata 000000000.d_cnt 0
wr_addr 0,odata 000000000.d_cnt 0
wr_addr 0,odata 000000000.d_cnt 0
wr_addr 0,odata 000000000.d_cnt 0
wr_addr 0,odata 000000000.d_cnt 0
wr_addr 0,odata 000000000.d_cnt 0
wr_addr 0,odata 000000000.d_cnt 0
wr_addr 0,odata 100000009.d_cnt 5
wr_addr 0,odata 000000000.d_cnt 0
wr_addr 0,odata 000000000.d_cnt 0
wr_addr 0,odata 000000000.d_cnt 0
wr_addr 0,odata 000000000.d_cnt 0
wr_addr 0,odata 000000000.d_cnt 0
wr_addr 0,odata 000000000.d_cnt 0
wr_addr 0,odata 000000000.d_cnt 0
wr_addr 0,odata 000000000.d_cnt 0
wr_addr 0,odata 000000000.d_cnt 0
wr_addr 0,odata 100000009.d_cnt 5
wr_addr 0,odata 000000000.d_cnt 0
wr_addr 0,odata 000000000.d_cnt 0
wr_addr 0,odata 000000000.d_cnt 0
wr_addr 0,odata 000000000.d_cnt 0
wr_addr 0,odata 000000000.d_cnt 0
wr_addr 0,odata 000000000.d_cnt 0
wr_addr 0,odata 000000000.d_cnt 0
wr_addr 0,odata 000000000.d_cnt 0
wr_addr 0,odata 000000000.d_cnt 0
wr_addr 0,odata 100000009.d_cnt 5
wr_addr 0,odata 000000000.d_cnt 0
wr_addr 0,odata 000000000.d_cnt 0
wr_addr 0,odata 000000000.d_cnt 0
wr_addr 0,odata 000000000.d_cnt 0
wr_addr 0,odata 000000000.d_cnt 0
wr_addr 0,odata 000000000.d_cnt 0
wr_addr 0,odata 000000000.d_cnt 0
wr_addr 0,odata 000000000.d_cnt 0
wr_addr 0,odata 000000000.d_cnt 0
wr_addr 0,odata 100000009.d_cnt 5
wr_addr 0,odata 000000000.d_cnt 0
wr_addr 0,odata 000000000.d_cnt 0
wr_addr 0,odata 000000000.d_cnt 0
wr_addr 0,odata 000000000.d_cnt 0
wr_addr 0,odata 000000000.d_cnt 0
wr_addr 0,odata 000000000.d_cnt 0
wr_addr 0,odata 000000000.d_cnt 0
wr_addr 0,odata 000000000.d_cnt 0
wr_addr 0,odata 000000000.d_cnt 0
wr_addr 0,odata 100000009.d_cnt 5
wr_addr 0,odata 000000000.d_cnt 0
wr_addr 0,odata 000000000.d_cnt 0
wr_addr 0,odata 000000000.d_cnt 0
wr_addr 0,odata 000000000.d_cnt 0
wr_addr 0,odata 000000000.d_cnt 0
wr_addr 0,odata 000000000.d_cnt 0
wr_addr 0,odata 000000000.d_cnt 0
wr_addr 0,odata 000000000.d_cnt 0
wr_addr 0,odata 000000000.d_cnt 0
wr_addr 0,odata 100000009.d_cnt 5
wr_addr 0,odata 000000000.d_cnt 0
wr_addr 0,odata 000000000.d_cnt 0
wr_addr 0,odata 000000000.d_cnt 0
wr_addr 0,odata 000000000.d_cnt 0
wr_addr 0,odata 000000000.d_cnt 0
wr_addr 0,odata 000000000.d_cnt 0
wr_addr 0,odata 000000000.d_cnt 0
wr_addr 0,odata 000000000.d_cnt 0
wr_addr 0,odata 000000000.d_cnt 0
wr_addr 0,odata 100000009.d_cnt 5
wr_addr 0,odata 000000000.d_cnt 0
wr_addr 0,odata 000000000.d_cnt 0
wr_addr 0,odata 000000000.d_cnt 0
wr_addr 0,odata 000000000.d_cnt 0
wr_addr 0,odata 000000000.d_cnt 0
wr_addr 0,odata 000000000.d_cnt 0
wr_addr 0,odata 000000000.d_cnt 0
wr_addr 0,odata 000000000.d_cnt 0
wr_addr 0,odata 000000000.d_cnt 0
wr_addr 0,odata 100000009.d_cnt 5
wr_addr 0,odata 000000000.d_cnt 0
wr_addr 0,odata 000000000.d_cnt 0
wr_addr 0,odata 000000000.d_cnt 0
wr_addr 0,odata 000000000.d_cnt 0
wr_addr 0,odata 000000000.d_cnt 0
wr_addr 0,odata 000000000.d_cnt 0
wr_addr 0,odata 000000000.d_cnt 0
wr_addr 0,odata 000000000.d_cnt 0
wr_addr 0,odata 000000000.d_cnt 0
wr_addr 0,odata 100000009.d_cnt 5
wr_addr 0,odata 000000000.d_cnt 0
wr_addr 0,odata 000000000.d_cnt 0
wr_addr 0,odata 000000000.d_cnt 0
wr_addr 0,odata 000000000.d_cnt 0
wr_addr 0,odata 000000000.d_cnt 0
wr_addr 0,odata 000000000.d_cnt 0
wr_addr 0,odata 000000000.d_cnt 0
wr_addr 0,odata 000000000.d_cnt 0
wr_addr 0,odata 000000000.d_cnt 0
wr_addr 0,odata 100000009.d_cnt 5
wr_addr 0,odata 000000000.d_cnt 0
wr_addr 0,odata 000000000.d_cnt 0
wr_addr 0,odata 000000000.d_cnt 0
wr_addr 0,odata 000000000.d_cnt 0
wr_addr 0,odata 000000000.d_cnt 0
wr_addr 0,odata 000000000.d_cnt 0
wr_addr 0,odata 000000000.d_cnt 0
wr_addr 0,odata 000000000.d_cnt 0
wr_addr 0,odata 000000000.d_cnt 0
wr_addr 0,odata 100000009.d_cnt 5
wr_addr 0,odata 000000000.d_cnt 0
wr_addr 0,odata 000000000.d_cnt 0
wr_addr 0,odata 000000000.d_cnt 0
wr_addr 0,odata 000000000.d_cnt 0
wr_addr 0,odata 000000000.d_cnt 0
wr_addr 0,odata 000000000.d_cnt 0
wr_addr 0,odata 000000000.d_cnt 0
wr_addr 0,odata 000000000.d_cnt 0
wr_addr 0,odata 000000000.d_cnt 0
wr_addr 0,odata 100000009.d_cnt 5
wr_addr 0,odata 000000000.d_cnt 0
wr_addr 0,odata 000000000.d_cnt 0
wr_addr 0,odata 000000000.d_cnt 0
wr_addr 0,odata 000000000.d_cnt 0
wr_addr 0,odata 000000000.d_cnt 0
wr_addr 0,odata 000000000.d_cnt 0
wr_addr 0,odata 000000000.d_cnt 0
wr_addr 0,odata 000000000.d_cnt 0
wr_addr 0,odata 000000000.d_cnt 0
wr_addr 0,odata 100000009.d_cnt 5
wr_addr 0,odata 000000000.d_cnt 0
wr_addr 0,odata 000000000.d_cnt 0
wr_addr 0,odata 000000000.d_cnt 0
wr_addr 0,odata 000000000.d_cnt 0
wr_addr 0,odata 000000000.d_cnt 0
wr_addr 0,odata 000000000.d_cnt 0
wr_addr 0,odata 000000000.d_cnt 0
wr_addr 0,odata 000000000.d_cnt 0
wr_addr 0,odata 000000000.d_cnt 0
wr_addr 0,odata 100000009.d_cnt 5
wr_addr 0,odata 000000000.d_cnt 0
wr_addr 0,odata 000000000.d_cnt 0
wr_addr 0,odata 000000000.d_cnt 0
wr_addr 0,odata 000000000.d_cnt 0
wr_addr 0,odata 000000000.d_cnt 0
wr_addr 0,odata 000000000.d_cnt 0
wr_addr 0,odata 000000000.d_cnt 0
wr_addr 0,odata 000000000.d_cnt 0
wr_addr 0,odata 000000000.d_cnt 0
wr_addr 0,odata 100000009.d_cnt 5
wr_addr 0,odata 000000000.d_cnt 0
wr_addr 0,odata 000000000.d_cnt 0
wr_addr 0,odata 000000000.d_cnt 0
wr_addr 0,odata 000000000.d_cnt 0
wr_addr 0,odata 000000000.d_cnt 0
wr_addr 0,odata 000000000.d_cnt 0
wr_addr 0,odata 000000000.d_cnt 0
wr_addr 0,odata 000000000.d_cnt 0
wr_addr 0,odata 000000000.d_cnt 0
wr_addr 0,odata 100000009.d_cnt 5
wr_addr 0,odata 000000000.d_cnt 0
wr_addr 0,odata 000000000.d_cnt 0
wr_addr 0,odata 000000000.d_cnt 0
wr_addr 0,odata 000000000.d_cnt 0
wr_addr 0,odata 000000000.d_cnt 0
wr_addr 0,odata 000000000.d_cnt 0
wr_addr 0,odata 000000000.d_cnt 0
wr_addr 0,odata 000000000.d_cnt 0
wr_addr 0,odata 000000000.d_cnt 0
wr_addr 0,odata 100000009.d_cnt 5
wr_addr 0,odata 000000000.d_cnt 0
wr_addr 0,odata 000000000.d_cnt 0
wr_addr 0,odata 000000000.d_cnt 0
wr_addr 0,odata 000000000.d_cnt 0
wr_addr 0,odata 000000000.d_cnt 0
wr_addr 0,odata 000000000.d_cnt 0
wr_addr 0,odata 000000000.d_cnt 0
wr_addr 0,odata 000000000.d_cnt 0
wr_addr 0,odata 000000000.d_cnt 0
wr_addr 0,odata 100000009.d_cnt 5
wr_addr 0,odata 000000000.d_cnt 0
wr_addr 0,odata 000000000.d_cnt 0
wr_addr 0,odata 000000000.d_cnt 0
wr_addr 0,odata 000000000.d_cnt 0
wr_addr 0,odata 000000000.d_cnt 0
wr_addr 0,odata 000000000.d_cnt 0
wr_addr 0,odata 000000000.d_cnt 0
wr_addr 0,odata 000000000.d_cnt 0
wr_addr 0,odata 000000000.d_cnt 0
wr_addr 0,odata 100000009.d_cnt 5
wr_addr 0,odata 000000000.d_cnt 0
wr_addr 0,odata 000000000.d_cnt 0
wr_addr 0,odata 000000000.d_cnt 0
wr_addr 0,odata 000000000.d_cnt 0
wr_addr 0,odata 000000000.d_cnt 0
wr_addr 0,odata 000000000.d_cnt 0
wr_addr 0,odata 000000000.d_cnt 0
wr_addr 0,odata 000000000.d_cnt 0
wr_addr 0,odata 000000000.d_cnt 0
wr_addr 0,odata 100000009.d_cnt 5
wr_addr 0,odata 000000000.d_cnt 0
wr_addr 0,odata 000000000.d_cnt 0
wr_addr 0,odata 000000000.d_cnt 0
wr_addr 0,odata 000000000.d_cnt 0
wr_addr 0,odata 000000000.d_cnt 0
wr_addr 0,odata 000000000.d_cnt 0
wr_addr 0,odata 000000000.d_cnt 0
wr_addr 0,odata 000000000.d_cnt 0
wr_addr 0,odata 000000000.d_cnt 0
wr_addr 0,odata 100000009.d_cnt 5
wr_addr 0,odata 000000000.d_cnt 0
wr_addr 0,odata 000000000.d_cnt 0
wr_addr 0,odata 000000000.d_cnt 0
wr_addr 0,odata 000000000.d_cnt 0
wr_addr 0,odata 000000000.d_cnt 0
wr_addr 0,odata 000000000.d_cnt 0
wr_addr 0,odata 000000000.d_cnt 0
wr_addr 0,odata 000000000.d_cnt 0
wr_addr 0,odata 000000000.d_cnt 0
wr_addr 0,odata 100000009.d_cnt 5
wr_addr 0,odata 000000000.d_cnt 0
wr_addr 0,odata 000000000.d_cnt 0
wr_addr 0,odata 000000000.d_cnt 0
wr_addr 0,odata 000000000.d_cnt 0
wr_addr 0,odata 000000000.d_cnt 0
wr_addr 0,odata 000000000.d_cnt 0
wr_addr 0,odata 000000000.d_cnt 0
wr_addr 0,odata 000000000.d_cnt 0
wr_addr 0,odata 000000000.d_cnt 0
wr_addr 0,odata 100000009.d_cnt 5
wr_addr 0,odata 000000000.d_cnt 0
wr_addr 0,odata 000000000.d_cnt 0
wr_addr 0,odata 000000000.d_cnt 0
wr_addr 0,odata 000000000.d_cnt 0
wr_addr 0,odata 000000000.d_cnt 0
wr_addr 0,odata 000000000.d_cnt 0
wr_addr 0,odata 000000000.d_cnt 0
wr_addr 0,odata 000000000.d_cnt 0
wr_addr 0,odata 000000000.d_cnt 0
wr_addr 0,odata 100000009.d_cnt 5
wr_addr 0,odata 000000000.d_cnt 0
wr_addr 0,odata 000000000.d_cnt 0
wr_addr 0,odata 000000000.d_cnt 0
wr_addr 0,odata 000000000.d_cnt 0
wr_addr 0,odata 000000000.d_cnt 0
wr_addr 0,odata 000000000.d_cnt 0
wr_addr 0,odata 000000000.d_cnt 0
wr_addr 0,odata 000000000.d_cnt 0
wr_addr 0,odata 000000000.d_cnt 0
wr_addr 0,odata 100000009.d_cnt 5
wr_addr 0,odata 000000000.d_cnt 0
wr_addr 0,odata 000000000.d_cnt 0
wr_addr 0,odata 000000000.d_cnt 0
wr_addr 0,odata 000000000.d_cnt 0
wr_addr 0,odata 000000000.d_cnt 0
wr_addr 0,odata 000000000.d_cnt 0
wr_addr 0,odata 000000000.d_cnt 0
wr_addr 0,odata 000000000.d_cnt 0
wr_addr 0,odata 000000000.d_cnt 0
wr_addr 0,odata 100000009.d_cnt 5
wr_addr 0,odata 000000000.d_cnt 0
wr_addr 0,odata 000000000.d_cnt 0
wr_addr 0,odata 000000000.d_cnt 0
wr_addr 0,odata 000000000.d_cnt 0
wr_addr 0,odata 000000000.d_cnt 0
wr_addr 0,odata 000000000.d_cnt 0
wr_addr 0,odata 000000000.d_cnt 0
wr_addr 0,odata 000000000.d_cnt 0
wr_addr 0,odata 000000000.d_cnt 0
wr_addr 0,odata 100000009.d_cnt 5
wr_addr 0,odata 000000000.d_cnt 0
wr_addr 0,odata 000000000.d_cnt 0
wr_addr 0,odata 000000000.d_cnt 0
wr_addr 0,odata 000000000.d_cnt 0
wr_addr 0,odata 000000000.d_cnt 0
wr_addr 0,odata 000000000.d_cnt 0
wr_addr 0,odata 000000000.d_cnt 0
wr_addr 0,odata 000000000.d_cnt 0
wr_addr 0,odata 000000000.d_cnt 0
wr_addr 0,odata 100000009.d_cnt 5
wr_addr 0,odata 000000000.d_cnt 0
wr_addr 0,odata 000000000.d_cnt 0
wr_addr 0,odata 000000000.d_cnt 0
wr_addr 0,odata 000000000.d_cnt 0
wr_addr 0,odata 000000000.d_cnt 0
wr_addr 0,odata 000000000.d_cnt 0
wr_addr 0,odata 000000000.d_cnt 0
wr_addr 0,odata 000000000.d_cnt 0
wr_addr 0,odata 000000000.d_cnt 0
wr_addr 0,odata 100000009.d_cnt 5
wr_addr 0,odata 000000000.d_cnt 0
wr_addr 0,odata 000000000.d_cnt 0
wr_addr 0,odata 000000000.d_cnt 0
wr_addr 0,odata 000000000.d_cnt 0
wr_addr 0,odata 000000000.d_cnt 0
wr_addr 0,odata 000000000.d_cnt 0
wr_addr 0,odata 000000000.d_cnt 0
wr_addr 0,odata 000000000.d_cnt 0
wr_addr 0,odata 000000000.d_cnt 0
wr_addr 0,odata 100000009.d_cnt 5
wr_addr 0,odata 000000000.d_cnt 0
wr_addr 0,odata 000000000.d_cnt 0
wr_addr 0,odata 000000000.d_cnt 0
wr_addr 0,odata 000000000.d_cnt 0
wr_addr 0,odata 000000000.d_cnt 0
wr_addr 0,odata 000000000.d_cnt 0
wr_addr 0,odata 000000000.d_cnt 0
wr_addr 0,odata 000000000.d_cnt 0
wr_addr 0,odata 000000000.d_cnt 0
wr_addr 0,odata 100000009.d_cnt 5
wr_addr 0,odata 000000000.d_cnt 0
wr_addr 0,odata 000000000.d_cnt 0
wr_addr 0,odata 000000000.d_cnt 0
wr_addr 0,odata 000000000.d_cnt 0
wr_addr 0,odata 000000000.d_cnt 0
wr_addr 0,odata 000000000.d_cnt 0
wr_addr 0,odata 000000000.d_cnt 0
wr_addr 0,odata 000000000.d_cnt 0
wr_addr 0,odata 000000000.d_cnt 0
$finish called from file "router_tb.sv", line 37.
$finish at simulation time                 1000
           V C S   S i m u l a t i o n   R e p o r t 
Time: 1000 ps
CPU Time:      0.290 seconds;       Data structure size:   0.4Mb
Tue May 21 11:42:28 2024
CPU time: 4.526 seconds to compile + .158 seconds to elab + .409 seconds to link + .316 seconds in simulation
